{"/home/tch/Documents/reftch/web-virtual-dom/packages/web-components/src/index.ts": {"path":"/home/tch/Documents/reftch/web-virtual-dom/packages/web-components/src/index.ts","statementMap":{"0":{"start":{"line":1,"column":0},"end":{"line":1,"column":7}},"1":{"start":{"line":5,"column":2},"end":{"line":1,"column":55}},"2":{"start":{"line":2,"column":0},"end":{"line":2,"column":7}},"3":{"start":{"line":6,"column":2},"end":{"line":2,"column":61}}},"fnMap":{},"branchMap":{},"s":{"0":0,"1":0,"2":0,"3":0},"f":{},"b":{}}
,"/home/tch/Documents/reftch/web-virtual-dom/packages/web-components/src/button/button.component.ts": {"path":"/home/tch/Documents/reftch/web-virtual-dom/packages/web-components/src/button/button.component.ts","statementMap":{"0":{"start":{"line":1,"column":0},"end":{"line":1,"column":55}},"1":{"start":{"line":13,"column":0},"end":{"line":40,"column":null}},"2":{"start":{"line":14,"column":10},"end":{"line":14,"column":21}},"3":{"start":{"line":15,"column":10},"end":{"line":15,"column":26}},"4":{"start":{"line":16,"column":10},"end":{"line":16,"column":28}},"5":{"start":{"line":17,"column":10},"end":{"line":17,"column":27}},"6":{"start":{"line":18,"column":10},"end":{"line":18,"column":20}},"7":{"start":{"line":19,"column":10},"end":{"line":19,"column":24}},"8":{"start":{"line":22,"column":4},"end":{"line":22,"column":39}},"9":{"start":{"line":26,"column":14},"end":{"line":27,"column":49}},"10":{"start":{"line":29,"column":4},"end":{"line":31,"column":null}},"11":{"start":{"line":30,"column":6},"end":{"line":30,"column":34}},"12":{"start":{"line":33,"column":4},"end":{"line":35,"column":null}},"13":{"start":{"line":34,"column":6},"end":{"line":34,"column":76}},"14":{"start":{"line":37,"column":4},"end":{"line":37,"column":15}},"15":{"start":{"line":14,"column":10},"end":{"line":14,"column":null}},"16":{"start":{"line":15,"column":10},"end":{"line":15,"column":null}},"17":{"start":{"line":16,"column":10},"end":{"line":16,"column":null}},"18":{"start":{"line":17,"column":10},"end":{"line":17,"column":null}},"19":{"start":{"line":18,"column":10},"end":{"line":18,"column":null}},"20":{"start":{"line":19,"column":10},"end":{"line":19,"column":null}},"21":{"start":{"line":13,"column":21},"end":{"line":40,"column":null}},"22":{"start":{"line":13,"column":21},"end":{"line":13,"column":37}}},"fnMap":{"0":{"name":"(anonymous_2)","decl":{"start":{"line":13,"column":0},"end":{"line":13,"column":21}},"loc":{"start":{"line":13,"column":0},"end":{"line":40,"column":1}}},"1":{"name":"(anonymous_3)","decl":{"start":{"line":21,"column":2},"end":{"line":21,"column":11}},"loc":{"start":{"line":21,"column":11},"end":{"line":23,"column":3}}},"2":{"name":"(anonymous_4)","decl":{"start":{"line":25,"column":2},"end":{"line":25,"column":13}},"loc":{"start":{"line":25,"column":13},"end":{"line":38,"column":3}}}},"branchMap":{"0":{"loc":{"start":{"line":26,"column":29},"end":{"line":26,"column":45}},"type":"cond-expr","locations":[{"start":{"line":26,"column":29},"end":{"line":26,"column":45}},{"start":{"line":27,"column":8},"end":{"line":27,"column":49}}]},"1":{"loc":{"start":{"line":27,"column":25},"end":{"line":27,"column":44}},"type":"cond-expr","locations":[{"start":{"line":27,"column":25},"end":{"line":27,"column":44}},{"start":{"line":27,"column":47},"end":{"line":27,"column":49}}]},"2":{"loc":{"start":{"line":29,"column":4},"end":{"line":31,"column":null}},"type":"if","locations":[{"start":{"line":29,"column":4},"end":{"line":31,"column":null}},{"start":{"line":29,"column":4},"end":{"line":31,"column":null}}]},"3":{"loc":{"start":{"line":33,"column":4},"end":{"line":35,"column":null}},"type":"if","locations":[{"start":{"line":33,"column":4},"end":{"line":35,"column":null}},{"start":{"line":33,"column":4},"end":{"line":35,"column":null}}]},"4":{"loc":{"start":{"line":34,"column":28},"end":{"line":34,"column":54}},"type":"cond-expr","locations":[{"start":{"line":34,"column":28},"end":{"line":34,"column":54}},{"start":{"line":34,"column":57},"end":{"line":34,"column":75}}]}},"s":{"0":1,"1":1,"2":6,"3":6,"4":6,"5":6,"6":6,"7":6,"8":6,"9":6,"10":6,"11":2,"12":6,"13":3,"14":6,"15":1,"16":1,"17":1,"18":1,"19":1,"20":1,"21":1,"22":1},"f":{"0":6,"1":6,"2":6},"b":{"0":[2,4],"1":[1,3],"2":[2,4],"3":[3,3],"4":[1,2]}}
,"/home/tch/Documents/reftch/web-virtual-dom/packages/web-components/src/collapse/collapse.component.ts": {"path":"/home/tch/Documents/reftch/web-virtual-dom/packages/web-components/src/collapse/collapse.component.ts","statementMap":{"0":{"start":{"line":1,"column":0},"end":{"line":1,"column":57}},"1":{"start":{"line":2,"column":0},"end":{"line":2,"column":67}},"2":{"start":{"line":3,"column":0},"end":{"line":3,"column":49}},"3":{"start":{"line":11,"column":0},"end":{"line":15,"column":null}},"4":{"start":{"line":12,"column":10},"end":{"line":12,"column":26}},"5":{"start":{"line":13,"column":10},"end":{"line":13,"column":27}},"6":{"start":{"line":12,"column":10},"end":{"line":12,"column":null}},"7":{"start":{"line":13,"column":10},"end":{"line":13,"column":null}},"8":{"start":{"line":11,"column":21},"end":{"line":15,"column":null}},"9":{"start":{"line":11,"column":21},"end":{"line":11,"column":39}}},"fnMap":{"0":{"name":"(anonymous_3)","decl":{"start":{"line":11,"column":0},"end":{"line":11,"column":21}},"loc":{"start":{"line":11,"column":0},"end":{"line":15,"column":1}}}},"branchMap":{},"s":{"0":0,"1":0,"2":0,"3":0,"4":0,"5":0,"6":0,"7":0,"8":0,"9":0},"f":{"0":0},"b":{}}
,"/home/tch/Documents/reftch/web-virtual-dom/packages/web-core/src/core/base-component.ts": {"path":"/home/tch/Documents/reftch/web-virtual-dom/packages/web-core/src/core/base-component.ts","statementMap":{"0":{"start":{"line":1,"column":0},"end":{"line":1,"column":34}},"1":{"start":{"line":2,"column":0},"end":{"line":2,"column":30}},"2":{"start":{"line":3,"column":0},"end":{"line":3,"column":50}},"3":{"start":{"line":4,"column":0},"end":{"line":4,"column":32}},"4":{"start":{"line":49,"column":4},"end":{"line":49,"column":12}},"5":{"start":{"line":35,"column":12},"end":{"line":35,"column":29}},"6":{"start":{"line":37,"column":10},"end":{"line":37,"column":32}},"7":{"start":{"line":38,"column":10},"end":{"line":38,"column":41}},"8":{"start":{"line":39,"column":10},"end":{"line":39,"column":29}},"9":{"start":{"line":50,"column":4},"end":{"line":50,"column":26}},"10":{"start":{"line":51,"column":4},"end":{"line":53,"column":null}},"11":{"start":{"line":52,"column":6},"end":{"line":52,"column":42}},"12":{"start":{"line":54,"column":4},"end":{"line":54,"column":46}},"13":{"start":{"line":55,"column":4},"end":{"line":55,"column":19}},"14":{"start":{"line":62,"column":4},"end":{"line":62,"column":29}},"15":{"start":{"line":69,"column":4},"end":{"line":69,"column":23}},"16":{"start":{"line":76,"column":4},"end":{"line":76,"column":28}},"17":{"start":{"line":83,"column":4},"end":{"line":83,"column":30}},"18":{"start":{"line":90,"column":4},"end":{"line":90,"column":74}},"19":{"start":{"line":131,"column":4},"end":{"line":131,"column":30}},"20":{"start":{"line":133,"column":4},"end":{"line":133,"column":23}},"21":{"start":{"line":135,"column":4},"end":{"line":135,"column":40}},"22":{"start":{"line":136,"column":4},"end":{"line":136,"column":84}},"23":{"start":{"line":138,"column":4},"end":{"line":138,"column":38}},"24":{"start":{"line":140,"column":4},"end":{"line":140,"column":21}},"25":{"start":{"line":148,"column":4},"end":{"line":148,"column":25}},"26":{"start":{"line":151,"column":4},"end":{"line":151,"column":23}},"27":{"start":{"line":178,"column":4},"end":{"line":180,"column":null}},"28":{"start":{"line":179,"column":6},"end":{"line":179,"column":48}},"29":{"start":{"line":181,"column":4},"end":{"line":181,"column":66}},"30":{"start":{"line":194,"column":4},"end":{"line":194,"column":26}},"31":{"start":{"line":196,"column":4},"end":{"line":198,"column":null}},"32":{"start":{"line":197,"column":6},"end":{"line":197,"column":28}},"33":{"start":{"line":200,"column":4},"end":{"line":200,"column":21}},"34":{"start":{"line":210,"column":4},"end":{"line":210,"column":41}},"35":{"start":{"line":217,"column":4},"end":{"line":227,"column":null}},"36":{"start":{"line":218,"column":6},"end":{"line":226,"column":null}},"37":{"start":{"line":219,"column":24},"end":{"line":219,"column":46}},"38":{"start":{"line":220,"column":8},"end":{"line":222,"column":null}},"39":{"start":{"line":221,"column":10},"end":{"line":221,"column":96}},"40":{"start":{"line":224,"column":8},"end":{"line":224,"column":92}},"41":{"start":{"line":225,"column":8},"end":{"line":225,"column":41}},"42":{"start":{"line":262,"column":4},"end":{"line":271,"column":null}},"43":{"start":{"line":263,"column":6},"end":{"line":270,"column":null}},"44":{"start":{"line":264,"column":21},"end":{"line":264,"column":35}},"45":{"start":{"line":266,"column":10},"end":{"line":268,"column":null}},"46":{"start":{"line":267,"column":12},"end":{"line":267,"column":35}},"47":{"start":{"line":278,"column":4},"end":{"line":285,"column":null}},"48":{"start":{"line":279,"column":16},"end":{"line":279,"column":39}},"49":{"start":{"line":280,"column":6},"end":{"line":284,"column":null}},"50":{"start":{"line":281,"column":23},"end":{"line":281,"column":39}},"51":{"start":{"line":282,"column":8},"end":{"line":283,"column":59}},"52":{"start":{"line":33,"column":0},"end":{"line":33,"column":13}}},"fnMap":{"0":{"name":"(anonymous_0)","decl":{"start":{"line":48,"column":2},"end":{"line":48,"column":null}},"loc":{"start":{"line":48,"column":2},"end":{"line":56,"column":3}}},"1":{"name":"(anonymous_1)","decl":{"start":{"line":61,"column":12},"end":{"line":61,"column":23}},"loc":{"start":{"line":61,"column":23},"end":{"line":63,"column":3}}},"2":{"name":"(anonymous_2)","decl":{"start":{"line":68,"column":2},"end":{"line":68,"column":16}},"loc":{"start":{"line":68,"column":19},"end":{"line":70,"column":3}}},"3":{"name":"(anonymous_3)","decl":{"start":{"line":75,"column":2},"end":{"line":75,"column":16}},"loc":{"start":{"line":75,"column":24},"end":{"line":77,"column":3}}},"4":{"name":"(anonymous_4)","decl":{"start":{"line":82,"column":2},"end":{"line":82,"column":16}},"loc":{"start":{"line":82,"column":26},"end":{"line":84,"column":3}}},"5":{"name":"(anonymous_5)","decl":{"start":{"line":89,"column":2},"end":{"line":89,"column":16}},"loc":{"start":{"line":89,"column":22},"end":{"line":91,"column":3}}},"6":{"name":"(anonymous_6)","decl":{"start":{"line":96,"column":12},"end":{"line":96,"column":26}},"loc":{"start":{"line":96,"column":26},"end":{"line":96,"column":32}}},"7":{"name":"(anonymous_7)","decl":{"start":{"line":98,"column":12},"end":{"line":98,"column":19}},"loc":{"start":{"line":98,"column":19},"end":{"line":98,"column":25}}},"8":{"name":"(anonymous_8)","decl":{"start":{"line":100,"column":12},"end":{"line":100,"column":23}},"loc":{"start":{"line":100,"column":23},"end":{"line":100,"column":29}}},"9":{"name":"(anonymous_9)","decl":{"start":{"line":104,"column":12},"end":{"line":104,"column":21}},"loc":{"start":{"line":104,"column":21},"end":{"line":104,"column":27}}},"10":{"name":"(anonymous_10)","decl":{"start":{"line":109,"column":12},"end":{"line":109,"column":23}},"loc":{"start":{"line":109,"column":23},"end":{"line":109,"column":29}}},"11":{"name":"(anonymous_11)","decl":{"start":{"line":111,"column":12},"end":{"line":111,"column":25}},"loc":{"start":{"line":111,"column":25},"end":{"line":111,"column":31}}},"12":{"name":"(anonymous_12)","decl":{"start":{"line":118,"column":12},"end":{"line":118,"column":26}},"loc":{"start":{"line":118,"column":26},"end":{"line":118,"column":32}}},"13":{"name":"(anonymous_13)","decl":{"start":{"line":123,"column":12},"end":{"line":123,"column":21}},"loc":{"start":{"line":123,"column":21},"end":{"line":123,"column":27}}},"14":{"name":"(anonymous_14)","decl":{"start":{"line":130,"column":2},"end":{"line":130,"column":19}},"loc":{"start":{"line":130,"column":19},"end":{"line":141,"column":3}}},"15":{"name":"(anonymous_15)","decl":{"start":{"line":147,"column":2},"end":{"line":147,"column":22}},"loc":{"start":{"line":147,"column":22},"end":{"line":152,"column":3}}},"16":{"name":"(anonymous_16)","decl":{"start":{"line":164,"column":2},"end":{"line":164,"column":26}},"loc":{"start":{"line":164,"column":51},"end":{"line":164,"column":56}}},"17":{"name":"(anonymous_17)","decl":{"start":{"line":169,"column":2},"end":{"line":169,"column":17}},"loc":{"start":{"line":169,"column":17},"end":{"line":169,"column":23}}},"18":{"name":"(anonymous_18)","decl":{"start":{"line":177,"column":2},"end":{"line":177,"column":15}},"loc":{"start":{"line":177,"column":15},"end":{"line":182,"column":3}}},"19":{"name":"(anonymous_19)","decl":{"start":{"line":193,"column":2},"end":{"line":193,"column":8}},"loc":{"start":{"line":193,"column":8},"end":{"line":201,"column":3}}},"20":{"name":"(anonymous_20)","decl":{"start":{"line":209,"column":2},"end":{"line":209,"column":6}},"loc":{"start":{"line":209,"column":33},"end":{"line":211,"column":3}}},"21":{"name":"(anonymous_21)","decl":{"start":{"line":216,"column":10},"end":{"line":216,"column":28}},"loc":{"start":{"line":216,"column":28},"end":{"line":228,"column":3}}},"22":{"name":"(anonymous_22)","decl":{"start":{"line":261,"column":10},"end":{"line":261,"column":25}},"loc":{"start":{"line":261,"column":42},"end":{"line":272,"column":3}}},"23":{"name":"(anonymous_23)","decl":{"start":{"line":262,"column":45},"end":{"line":262,"column":46}},"loc":{"start":{"line":262,"column":49},"end":{"line":271,"column":5}}},"24":{"name":"(anonymous_24)","decl":{"start":{"line":277,"column":10},"end":{"line":277,"column":36}},"loc":{"start":{"line":277,"column":36},"end":{"line":286,"column":3}}},"25":{"name":"(anonymous_25)","decl":{"start":{"line":278,"column":24},"end":{"line":278,"column":25}},"loc":{"start":{"line":278,"column":28},"end":{"line":285,"column":5}}}},"branchMap":{"0":{"loc":{"start":{"line":51,"column":4},"end":{"line":53,"column":null}},"type":"if","locations":[{"start":{"line":51,"column":4},"end":{"line":53,"column":null}},{"start":{"line":51,"column":4},"end":{"line":53,"column":null}}]},"1":{"loc":{"start":{"line":90,"column":51},"end":{"line":90,"column":66}},"type":"cond-expr","locations":[{"start":{"line":90,"column":51},"end":{"line":90,"column":66}},{"start":{"line":90,"column":69},"end":{"line":90,"column":73}}]},"2":{"loc":{"start":{"line":90,"column":11},"end":{"line":90,"column":29}},"type":"binary-expr","locations":[{"start":{"line":90,"column":11},"end":{"line":90,"column":29}},{"start":{"line":90,"column":33},"end":{"line":90,"column":48}}]},"3":{"loc":{"start":{"line":178,"column":4},"end":{"line":180,"column":null}},"type":"if","locations":[{"start":{"line":178,"column":4},"end":{"line":180,"column":null}},{"start":{"line":178,"column":4},"end":{"line":180,"column":null}}]},"4":{"loc":{"start":{"line":196,"column":4},"end":{"line":198,"column":null}},"type":"if","locations":[{"start":{"line":196,"column":4},"end":{"line":198,"column":null}},{"start":{"line":196,"column":4},"end":{"line":198,"column":null}}]},"5":{"loc":{"start":{"line":217,"column":4},"end":{"line":227,"column":null}},"type":"if","locations":[{"start":{"line":217,"column":4},"end":{"line":227,"column":null}},{"start":{"line":217,"column":4},"end":{"line":227,"column":null}}]},"6":{"loc":{"start":{"line":217,"column":8},"end":{"line":217,"column":23}},"type":"binary-expr","locations":[{"start":{"line":217,"column":8},"end":{"line":217,"column":23}},{"start":{"line":217,"column":27},"end":{"line":217,"column":53}}]},"7":{"loc":{"start":{"line":220,"column":8},"end":{"line":222,"column":null}},"type":"if","locations":[{"start":{"line":220,"column":8},"end":{"line":222,"column":null}},{"start":{"line":220,"column":8},"end":{"line":222,"column":null}}]},"8":{"loc":{"start":{"line":220,"column":12},"end":{"line":220,"column":21}},"type":"binary-expr","locations":[{"start":{"line":220,"column":12},"end":{"line":220,"column":21}},{"start":{"line":220,"column":25},"end":{"line":220,"column":97}}]},"9":{"loc":{"start":{"line":263,"column":6},"end":{"line":270,"column":null}},"type":"if","locations":[{"start":{"line":263,"column":6},"end":{"line":270,"column":null}},{"start":{"line":263,"column":6},"end":{"line":270,"column":null}}]},"10":{"loc":{"start":{"line":263,"column":10},"end":{"line":263,"column":22}},"type":"binary-expr","locations":[{"start":{"line":263,"column":10},"end":{"line":263,"column":22}},{"start":{"line":263,"column":26},"end":{"line":263,"column":38}}]},"11":{"loc":{"start":{"line":266,"column":10},"end":{"line":268,"column":null}},"type":"if","locations":[{"start":{"line":266,"column":10},"end":{"line":268,"column":null}},{"start":{"line":266,"column":10},"end":{"line":268,"column":null}}]},"12":{"loc":{"start":{"line":266,"column":14},"end":{"line":266,"column":18}},"type":"binary-expr","locations":[{"start":{"line":266,"column":14},"end":{"line":266,"column":18}},{"start":{"line":266,"column":22},"end":{"line":266,"column":54}}]},"13":{"loc":{"start":{"line":280,"column":6},"end":{"line":284,"column":null}},"type":"if","locations":[{"start":{"line":280,"column":6},"end":{"line":284,"column":null}},{"start":{"line":280,"column":6},"end":{"line":284,"column":null}}]},"14":{"loc":{"start":{"line":283,"column":23},"end":{"line":283,"column":31}},"type":"cond-expr","locations":[{"start":{"line":283,"column":23},"end":{"line":283,"column":31}},{"start":{"line":283,"column":34},"end":{"line":283,"column":58}}]}},"s":{"0":11,"1":11,"2":11,"3":11,"4":122,"5":122,"6":122,"7":122,"8":122,"9":122,"10":122,"11":4,"12":122,"13":122,"14":258,"15":1,"16":1,"17":1,"18":136,"19":121,"20":121,"21":121,"22":121,"23":121,"24":121,"25":105,"26":105,"27":193,"28":108,"29":193,"30":79,"31":79,"32":79,"33":79,"34":15,"35":121,"36":29,"37":31,"38":31,"39":25,"40":31,"41":31,"42":121,"43":751,"44":145,"45":145,"46":145,"47":121,"48":145,"49":145,"50":19,"51":19,"52":11},"f":{"0":122,"1":258,"2":1,"3":1,"4":1,"5":136,"6":122,"7":122,"8":121,"9":111,"10":105,"11":105,"12":79,"13":79,"14":121,"15":105,"16":0,"17":0,"18":193,"19":79,"20":15,"21":121,"22":121,"23":751,"24":121,"25":145},"b":{"0":[4,118],"1":[4,132],"2":[136,4],"3":[108,85],"4":[79,0],"5":[29,92],"6":[121,29],"7":[25,6],"8":[31,31],"9":[145,606],"10":[751,629],"11":[145,0],"12":[145,145],"13":[19,126],"14":[14,5]}}
,"/home/tch/Documents/reftch/web-virtual-dom/packages/web-core/src/core/decorators.ts": {"path":"/home/tch/Documents/reftch/web-virtual-dom/packages/web-core/src/core/decorators.ts","statementMap":{"0":{"start":{"line":1,"column":0},"end":{"line":1,"column":32}},"1":{"start":{"line":18,"column":18},"end":{"line":44,"column":1}},"2":{"start":{"line":26,"column":2},"end":{"line":43,"column":null}},"3":{"start":{"line":27,"column":4},"end":{"line":29,"column":7}},"4":{"start":{"line":28,"column":6},"end":{"line":28,"column":22}},"5":{"start":{"line":31,"column":4},"end":{"line":33,"column":7}},"6":{"start":{"line":32,"column":6},"end":{"line":32,"column":27}},"7":{"start":{"line":35,"column":4},"end":{"line":37,"column":7}},"8":{"start":{"line":36,"column":6},"end":{"line":36,"column":29}},"9":{"start":{"line":39,"column":4},"end":{"line":41,"column":7}},"10":{"start":{"line":40,"column":6},"end":{"line":40,"column":28}},"11":{"start":{"line":84,"column":2},"end":{"line":84,"column":11}},"12":{"start":{"line":54,"column":13},"end":{"line":81,"column":1}},"13":{"start":{"line":55,"column":2},"end":{"line":80,"column":4}},"14":{"start":{"line":56,"column":25},"end":{"line":56,"column":51}},"15":{"start":{"line":57,"column":23},"end":{"line":77,"column":6}},"16":{"start":{"line":59,"column":20},"end":{"line":59,"column":38}},"17":{"start":{"line":60,"column":8},"end":{"line":60,"column":21}},"18":{"start":{"line":63,"column":8},"end":{"line":63,"column":58}},"19":{"start":{"line":64,"column":8},"end":{"line":73,"column":null}},"20":{"start":{"line":65,"column":10},"end":{"line":65,"column":37}},"21":{"start":{"line":66,"column":27},"end":{"line":66,"column":63}},"22":{"start":{"line":67,"column":10},"end":{"line":71,"column":null}},"23":{"start":{"line":68,"column":12},"end":{"line":70,"column":null}},"24":{"start":{"line":69,"column":14},"end":{"line":69,"column":41}},"25":{"start":{"line":72,"column":11},"end":{"line":72,"column":40}},"26":{"start":{"line":79,"column":4},"end":{"line":79,"column":59}},"27":{"start":{"line":85,"column":2},"end":{"line":85,"column":6}}},"fnMap":{"0":{"name":"(anonymous_0)","decl":{"start":{"line":18,"column":18},"end":{"line":18,"column":null}},"loc":{"start":{"line":24,"column":7},"end":{"line":44,"column":1}}},"1":{"name":"(anonymous_1)","decl":{"start":{"line":26,"column":9},"end":{"line":26,"column":10}},"loc":{"start":{"line":26,"column":20},"end":{"line":43,"column":3}}},"2":{"name":"(anonymous_2)","decl":{"start":{"line":27,"column":45},"end":{"line":27,"column":48}},"loc":{"start":{"line":27,"column":50},"end":{"line":29,"column":5}}},"3":{"name":"(anonymous_3)","decl":{"start":{"line":31,"column":50},"end":{"line":31,"column":53}},"loc":{"start":{"line":31,"column":55},"end":{"line":33,"column":5}}},"4":{"name":"(anonymous_4)","decl":{"start":{"line":35,"column":52},"end":{"line":35,"column":55}},"loc":{"start":{"line":35,"column":57},"end":{"line":37,"column":5}}},"5":{"name":"(anonymous_5)","decl":{"start":{"line":39,"column":51},"end":{"line":39,"column":null}},"loc":{"start":{"line":39,"column":51},"end":{"line":41,"column":5}}},"6":{"name":"(anonymous_6)","decl":{"start":{"line":54,"column":13},"end":{"line":54,"column":16}},"loc":{"start":{"line":54,"column":18},"end":{"line":81,"column":1}}},"7":{"name":"(anonymous_7)","decl":{"start":{"line":55,"column":9},"end":{"line":55,"column":10}},"loc":{"start":{"line":55,"column":61},"end":{"line":80,"column":3}}},"8":{"name":"(anonymous_8)","decl":{"start":{"line":58,"column":6},"end":{"line":58,"column":9}},"loc":{"start":{"line":58,"column":9},"end":{"line":61,"column":7}}},"9":{"name":"(anonymous_9)","decl":{"start":{"line":62,"column":6},"end":{"line":62,"column":9}},"loc":{"start":{"line":62,"column":20},"end":{"line":74,"column":7}}},"10":{"name":"(anonymous_10)","decl":{"start":{"line":68,"column":29},"end":{"line":68,"column":30}},"loc":{"start":{"line":68,"column":33},"end":{"line":70,"column":13}}}},"branchMap":{"0":{"loc":{"start":{"line":63,"column":38},"end":{"line":63,"column":49}},"type":"cond-expr","locations":[{"start":{"line":63,"column":38},"end":{"line":63,"column":49}},{"start":{"line":63,"column":52},"end":{"line":63,"column":57}}]},"1":{"loc":{"start":{"line":64,"column":8},"end":{"line":73,"column":null}},"type":"if","locations":[{"start":{"line":64,"column":8},"end":{"line":73,"column":null}},{"start":{"line":64,"column":8},"end":{"line":73,"column":null}}]},"2":{"loc":{"start":{"line":64,"column":12},"end":{"line":64,"column":40}},"type":"binary-expr","locations":[{"start":{"line":64,"column":12},"end":{"line":64,"column":40}},{"start":{"line":64,"column":45},"end":{"line":64,"column":50}},{"start":{"line":64,"column":54},"end":{"line":64,"column":71}}]},"3":{"loc":{"start":{"line":67,"column":10},"end":{"line":71,"column":null}},"type":"if","locations":[{"start":{"line":67,"column":10},"end":{"line":71,"column":null}},{"start":{"line":67,"column":10},"end":{"line":71,"column":null}}]}},"s":{"0":11,"1":11,"2":114,"3":114,"4":139,"5":114,"6":244,"7":114,"8":298,"9":114,"10":258,"11":11,"12":11,"13":115,"14":115,"15":115,"16":767,"17":767,"18":193,"19":193,"20":193,"21":193,"22":193,"23":193,"24":1,"25":193,"26":115,"27":11},"f":{"0":114,"1":114,"2":139,"3":244,"4":298,"5":258,"6":115,"7":115,"8":767,"9":193,"10":1},"b":{"0":[4,189],"1":[193,0],"2":[193,0,0],"3":[193,0]}}
,"/home/tch/Documents/reftch/web-virtual-dom/packages/web-core/src/core/emit.ts": {"path":"/home/tch/Documents/reftch/web-virtual-dom/packages/web-core/src/core/emit.ts","statementMap":{"0":{"start":{"line":2,"column":0},"end":{"line":2,"column":25}},"1":{"start":{"line":4,"column":0},"end":{"line":4,"column":null}},"2":{"start":{"line":13,"column":44},"end":{"line":13,"column":46}},"3":{"start":{"line":23,"column":15},"end":{"line":27,"column":null}},"4":{"start":{"line":24,"column":4},"end":{"line":26,"column":null}},"5":{"start":{"line":25,"column":6},"end":{"line":25,"column":104}},"6":{"start":{"line":36,"column":15},"end":{"line":47,"column":null}},"7":{"start":{"line":37,"column":4},"end":{"line":46,"column":7}},"8":{"start":{"line":38,"column":6},"end":{"line":45,"column":null}},"9":{"start":{"line":43,"column":20},"end":{"line":43,"column":48}},"10":{"start":{"line":44,"column":10},"end":{"line":44,"column":18}}},"fnMap":{"0":{"name":"(anonymous_0)","decl":{"start":{"line":4,"column":0},"end":{"line":4,"column":17}},"loc":{"start":{"line":4,"column":21},"end":{"line":49,"column":1}}},"1":{"name":"(anonymous_1)","decl":{"start":{"line":23,"column":22},"end":{"line":23,"column":23}},"loc":{"start":{"line":23,"column":113},"end":{"line":27,"column":3}}},"2":{"name":"(anonymous_2)","decl":{"start":{"line":36,"column":22},"end":{"line":36,"column":26}},"loc":{"start":{"line":36,"column":80},"end":{"line":47,"column":3}}},"3":{"name":"(anonymous_3)","decl":{"start":{"line":37,"column":21},"end":{"line":37,"column":22}},"loc":{"start":{"line":37,"column":50},"end":{"line":46,"column":5}}}},"branchMap":{"0":{"loc":{"start":{"line":24,"column":4},"end":{"line":26,"column":null}},"type":"if","locations":[{"start":{"line":24,"column":4},"end":{"line":26,"column":null}},{"start":{"line":24,"column":4},"end":{"line":26,"column":null}}]},"1":{"loc":{"start":{"line":24,"column":8},"end":{"line":24,"column":10}},"type":"binary-expr","locations":[{"start":{"line":24,"column":8},"end":{"line":24,"column":10}},{"start":{"line":24,"column":14},"end":{"line":24,"column":20}},{"start":{"line":24,"column":24},"end":{"line":24,"column":32}}]},"2":{"loc":{"start":{"line":38,"column":6},"end":{"line":45,"column":null}},"type":"if","locations":[{"start":{"line":38,"column":6},"end":{"line":45,"column":null}},{"start":{"line":38,"column":6},"end":{"line":45,"column":null}}]},"3":{"loc":{"start":{"line":39,"column":8},"end":{"line":39,"column":46}},"type":"binary-expr","locations":[{"start":{"line":39,"column":8},"end":{"line":39,"column":46}},{"start":{"line":40,"column":9},"end":{"line":40,"column":28}},{"start":{"line":40,"column":32},"end":{"line":40,"column":65}},{"start":{"line":41,"column":8},"end":{"line":41,"column":40}}]},"4":{"loc":{"start":{"line":4,"column":17},"end":{"line":4,"column":21}},"type":"binary-expr","locations":[{"start":{"line":4,"column":17},"end":{"line":4,"column":21}},{"start":{"line":4,"column":17},"end":{"line":4,"column":null}}]}},"s":{"0":11,"1":11,"2":11,"3":11,"4":49,"5":49,"6":11,"7":15,"8":199,"9":12,"10":12},"f":{"0":11,"1":49,"2":15,"3":199},"b":{"0":[49,0],"1":[49,49,49],"2":[12,187],"3":[199,17,11,12],"4":[11,11]}}
,"/home/tch/Documents/reftch/web-virtual-dom/packages/web-core/src/core/engine.ts": {"path":"/home/tch/Documents/reftch/web-virtual-dom/packages/web-core/src/core/engine.ts","statementMap":{"0":{"start":{"line":1,"column":0},"end":{"line":1,"column":30}},"1":{"start":{"line":2,"column":0},"end":{"line":2,"column":32}},"2":{"start":{"line":5,"column":0},"end":{"line":5,"column":26}},"3":{"start":{"line":23,"column":22},"end":{"line":23,"column":46}},"4":{"start":{"line":23,"column":56},"end":{"line":23,"column":71}},"5":{"start":{"line":23,"column":81},"end":{"line":23,"column":97}},"6":{"start":{"line":23,"column":107},"end":{"line":23,"column":139}},"7":{"start":{"line":24,"column":25},"end":{"line":24,"column":59}},"8":{"start":{"line":25,"column":4},"end":{"line":25,"column":64}},"9":{"start":{"line":26,"column":24},"end":{"line":26,"column":60}},"10":{"start":{"line":28,"column":4},"end":{"line":28,"column":47}},"11":{"start":{"line":30,"column":4},"end":{"line":30,"column":40}},"12":{"start":{"line":37,"column":25},"end":{"line":37,"column":59}},"13":{"start":{"line":38,"column":4},"end":{"line":38,"column":74}},"14":{"start":{"line":39,"column":24},"end":{"line":39,"column":60}},"15":{"start":{"line":41,"column":4},"end":{"line":41,"column":53}},"16":{"start":{"line":43,"column":4},"end":{"line":43,"column":86}},"17":{"start":{"line":54,"column":22},"end":{"line":54,"column":81}},"18":{"start":{"line":56,"column":19},"end":{"line":56,"column":23}},"19":{"start":{"line":57,"column":4},"end":{"line":108,"column":null}},"20":{"start":{"line":57,"column":17},"end":{"line":57,"column":18}},"21":{"start":{"line":58,"column":17},"end":{"line":58,"column":49}},"22":{"start":{"line":59,"column":6},"end":{"line":61,"column":null}},"23":{"start":{"line":60,"column":8},"end":{"line":60,"column":17}},"24":{"start":{"line":63,"column":15},"end":{"line":63,"column":44}},"25":{"start":{"line":64,"column":6},"end":{"line":85,"column":null}},"26":{"start":{"line":65,"column":24},"end":{"line":65,"column":42}},"27":{"start":{"line":66,"column":8},"end":{"line":66,"column":44}},"28":{"start":{"line":67,"column":8},"end":{"line":67,"column":32}},"29":{"start":{"line":68,"column":13},"end":{"line":85,"column":null}},"30":{"start":{"line":69,"column":8},"end":{"line":73,"column":null}},"31":{"start":{"line":70,"column":26},"end":{"line":70,"column":44}},"32":{"start":{"line":71,"column":10},"end":{"line":71,"column":41}},"33":{"start":{"line":72,"column":10},"end":{"line":72,"column":34}},"34":{"start":{"line":74,"column":13},"end":{"line":85,"column":null}},"35":{"start":{"line":75,"column":8},"end":{"line":84,"column":null}},"36":{"start":{"line":77,"column":26},"end":{"line":77,"column":44}},"37":{"start":{"line":78,"column":10},"end":{"line":78,"column":46}},"38":{"start":{"line":79,"column":10},"end":{"line":79,"column":34}},"39":{"start":{"line":80,"column":15},"end":{"line":84,"column":null}},"40":{"start":{"line":82,"column":10},"end":{"line":82,"column":31}},"41":{"start":{"line":83,"column":10},"end":{"line":83,"column":14}},"42":{"start":{"line":87,"column":6},"end":{"line":105,"column":null}},"43":{"start":{"line":88,"column":8},"end":{"line":88,"column":38}},"44":{"start":{"line":89,"column":8},"end":{"line":89,"column":31}},"45":{"start":{"line":90,"column":13},"end":{"line":105,"column":null}},"46":{"start":{"line":91,"column":24},"end":{"line":91,"column":36}},"47":{"start":{"line":92,"column":8},"end":{"line":99,"column":null}},"48":{"start":{"line":93,"column":30},"end":{"line":93,"column":46}},"49":{"start":{"line":94,"column":10},"end":{"line":98,"column":null}},"50":{"start":{"line":95,"column":12},"end":{"line":97,"column":null}},"51":{"start":{"line":96,"column":14},"end":{"line":96,"column":43}},"52":{"start":{"line":100,"column":13},"end":{"line":105,"column":null}},"53":{"start":{"line":101,"column":8},"end":{"line":104,"column":null}},"54":{"start":{"line":102,"column":26},"end":{"line":102,"column":44}},"55":{"start":{"line":103,"column":10},"end":{"line":103,"column":41}},"56":{"start":{"line":107,"column":6},"end":{"line":107,"column":20}},"57":{"start":{"line":118,"column":4},"end":{"line":125,"column":null}},"58":{"start":{"line":119,"column":6},"end":{"line":124,"column":null}},"59":{"start":{"line":120,"column":22},"end":{"line":120,"column":45}},"60":{"start":{"line":121,"column":8},"end":{"line":123,"column":null}},"61":{"start":{"line":122,"column":10},"end":{"line":122,"column":54}},"62":{"start":{"line":137,"column":19},"end":{"line":137,"column":73}},"63":{"start":{"line":138,"column":4},"end":{"line":138,"column":50}},"64":{"start":{"line":138,"column":37},"end":{"line":138,"column":48}},"65":{"start":{"line":149,"column":4},"end":{"line":168,"column":null}},"66":{"start":{"line":150,"column":37},"end":{"line":150,"column":39}},"67":{"start":{"line":151,"column":29},"end":{"line":151,"column":31}},"68":{"start":{"line":152,"column":23},"end":{"line":152,"column":60}},"69":{"start":{"line":153,"column":24},"end":{"line":153,"column":48}},"70":{"start":{"line":154,"column":8},"end":{"line":165,"column":null}},"71":{"start":{"line":155,"column":10},"end":{"line":161,"column":13}},"72":{"start":{"line":156,"column":22},"end":{"line":156,"column":30}},"73":{"start":{"line":157,"column":12},"end":{"line":160,"column":null}},"74":{"start":{"line":158,"column":14},"end":{"line":158,"column":38}},"75":{"start":{"line":159,"column":14},"end":{"line":159,"column":null}},"76":{"start":{"line":162,"column":20},"end":{"line":162,"column":79}},"77":{"start":{"line":163,"column":25},"end":{"line":163,"column":44}},"78":{"start":{"line":164,"column":10},"end":{"line":164,"column":24}},"79":{"start":{"line":169,"column":4},"end":{"line":169,"column":21}},"80":{"start":{"line":180,"column":19},"end":{"line":180,"column":67}},"81":{"start":{"line":181,"column":4},"end":{"line":184,"column":7}},"82":{"start":{"line":182,"column":19},"end":{"line":182,"column":56}},"83":{"start":{"line":183,"column":6},"end":{"line":183,"column":37}},"84":{"start":{"line":185,"column":4},"end":{"line":185,"column":20}},"85":{"start":{"line":197,"column":4},"end":{"line":197,"column":52}},"86":{"start":{"line":198,"column":4},"end":{"line":198,"column":92}},"87":{"start":{"line":198,"column":23},"end":{"line":198,"column":90}},"88":{"start":{"line":199,"column":4},"end":{"line":199,"column":63}},"89":{"start":{"line":200,"column":4},"end":{"line":200,"column":20}},"90":{"start":{"line":211,"column":4},"end":{"line":241,"column":null}},"91":{"start":{"line":211,"column":17},"end":{"line":211,"column":18}},"92":{"start":{"line":212,"column":16},"end":{"line":212,"column":34}},"93":{"start":{"line":213,"column":22},"end":{"line":213,"column":33}},"94":{"start":{"line":215,"column":6},"end":{"line":217,"column":null}},"95":{"start":{"line":216,"column":8},"end":{"line":216,"column":37}},"96":{"start":{"line":219,"column":21},"end":{"line":219,"column":25}},"97":{"start":{"line":220,"column":6},"end":{"line":236,"column":null}},"98":{"start":{"line":221,"column":8},"end":{"line":233,"column":null}},"99":{"start":{"line":222,"column":10},"end":{"line":228,"column":null}},"100":{"start":{"line":223,"column":12},"end":{"line":223,"column":53}},"101":{"start":{"line":224,"column":17},"end":{"line":228,"column":null}},"102":{"start":{"line":225,"column":12},"end":{"line":225,"column":54}},"103":{"start":{"line":226,"column":17},"end":{"line":228,"column":null}},"104":{"start":{"line":227,"column":12},"end":{"line":227,"column":32}},"105":{"start":{"line":230,"column":10},"end":{"line":230,"column":38}},"106":{"start":{"line":231,"column":10},"end":{"line":231,"column":41}},"107":{"start":{"line":232,"column":10},"end":{"line":232,"column":38}},"108":{"start":{"line":234,"column":13},"end":{"line":236,"column":null}},"109":{"start":{"line":235,"column":8},"end":{"line":235,"column":32}},"110":{"start":{"line":238,"column":6},"end":{"line":240,"column":null}},"111":{"start":{"line":239,"column":8},"end":{"line":239,"column":41}},"112":{"start":{"line":252,"column":19},"end":{"line":252,"column":23}},"113":{"start":{"line":253,"column":4},"end":{"line":273,"column":null}},"114":{"start":{"line":253,"column":17},"end":{"line":253,"column":18}},"115":{"start":{"line":254,"column":16},"end":{"line":254,"column":34}},"116":{"start":{"line":256,"column":6},"end":{"line":268,"column":null}},"117":{"start":{"line":257,"column":8},"end":{"line":267,"column":null}},"118":{"start":{"line":258,"column":10},"end":{"line":264,"column":null}},"119":{"start":{"line":259,"column":12},"end":{"line":259,"column":53}},"120":{"start":{"line":260,"column":17},"end":{"line":264,"column":null}},"121":{"start":{"line":261,"column":12},"end":{"line":261,"column":54}},"122":{"start":{"line":262,"column":17},"end":{"line":264,"column":null}},"123":{"start":{"line":263,"column":12},"end":{"line":263,"column":32}},"124":{"start":{"line":265,"column":10},"end":{"line":265,"column":41}},"125":{"start":{"line":266,"column":10},"end":{"line":266,"column":39}},"126":{"start":{"line":270,"column":6},"end":{"line":272,"column":null}},"127":{"start":{"line":271,"column":8},"end":{"line":271,"column":42}},"128":{"start":{"line":283,"column":4},"end":{"line":307,"column":null}},"129":{"start":{"line":284,"column":6},"end":{"line":306,"column":null}},"130":{"start":{"line":285,"column":26},"end":{"line":285,"column":45}},"131":{"start":{"line":286,"column":8},"end":{"line":304,"column":null}},"132":{"start":{"line":289,"column":22},"end":{"line":289,"column":24}},"133":{"start":{"line":290,"column":10},"end":{"line":295,"column":null}},"134":{"start":{"line":291,"column":31},"end":{"line":291,"column":57}},"135":{"start":{"line":292,"column":12},"end":{"line":294,"column":null}},"136":{"start":{"line":293,"column":14},"end":{"line":293,"column":33}},"137":{"start":{"line":296,"column":30},"end":{"line":296,"column":62}},"138":{"start":{"line":297,"column":10},"end":{"line":303,"column":null}},"139":{"start":{"line":298,"column":12},"end":{"line":298,"column":55}},"140":{"start":{"line":299,"column":12},"end":{"line":299,"column":53}},"141":{"start":{"line":301,"column":12},"end":{"line":301,"column":39}},"142":{"start":{"line":302,"column":12},"end":{"line":302,"column":53}},"143":{"start":{"line":305,"column":8},"end":{"line":305,"column":44}},"144":{"start":{"line":316,"column":4},"end":{"line":328,"column":null}},"145":{"start":{"line":317,"column":6},"end":{"line":327,"column":null}},"146":{"start":{"line":318,"column":26},"end":{"line":318,"column":45}},"147":{"start":{"line":319,"column":8},"end":{"line":326,"column":null}},"148":{"start":{"line":320,"column":25},"end":{"line":320,"column":57}},"149":{"start":{"line":321,"column":10},"end":{"line":324,"column":null}},"150":{"start":{"line":322,"column":29},"end":{"line":322,"column":70}},"151":{"start":{"line":323,"column":12},"end":{"line":323,"column":77}},"152":{"start":{"line":325,"column":10},"end":{"line":325,"column":46}},"153":{"start":{"line":338,"column":4},"end":{"line":357,"column":null}},"154":{"start":{"line":339,"column":6},"end":{"line":353,"column":null}},"155":{"start":{"line":340,"column":25},"end":{"line":340,"column":53}},"156":{"start":{"line":341,"column":23},"end":{"line":341,"column":42}},"157":{"start":{"line":343,"column":33},"end":{"line":343,"column":62}},"158":{"start":{"line":344,"column":8},"end":{"line":352,"column":null}},"159":{"start":{"line":347,"column":12},"end":{"line":347,"column":68}},"160":{"start":{"line":350,"column":12},"end":{"line":350,"column":79}},"161":{"start":{"line":350,"column":46},"end":{"line":350,"column":77}},"162":{"start":{"line":354,"column":6},"end":{"line":356,"column":null}},"163":{"start":{"line":355,"column":8},"end":{"line":355,"column":40}},"164":{"start":{"line":367,"column":4},"end":{"line":378,"column":null}},"165":{"start":{"line":368,"column":19},"end":{"line":368,"column":41}},"166":{"start":{"line":369,"column":6},"end":{"line":369,"column":32}},"167":{"start":{"line":370,"column":6},"end":{"line":377,"column":null}},"168":{"start":{"line":371,"column":22},"end":{"line":371,"column":97}},"169":{"start":{"line":372,"column":8},"end":{"line":375,"column":null}},"170":{"start":{"line":373,"column":26},"end":{"line":373,"column":63}},"171":{"start":{"line":374,"column":10},"end":{"line":374,"column":41}},"172":{"start":{"line":376,"column":8},"end":{"line":376,"column":21}},"173":{"start":{"line":389,"column":4},"end":{"line":395,"column":null}},"174":{"start":{"line":390,"column":6},"end":{"line":390,"column":34}},"175":{"start":{"line":391,"column":6},"end":{"line":394,"column":null}},"176":{"start":{"line":392,"column":24},"end":{"line":392,"column":61}},"177":{"start":{"line":393,"column":8},"end":{"line":393,"column":39}},"178":{"start":{"line":404,"column":23},"end":{"line":404,"column":46}},"179":{"start":{"line":405,"column":4},"end":{"line":405,"column":31}},"180":{"start":{"line":406,"column":23},"end":{"line":406,"column":41}},"181":{"start":{"line":407,"column":4},"end":{"line":437,"column":null}},"182":{"start":{"line":408,"column":19},"end":{"line":408,"column":40}},"183":{"start":{"line":409,"column":30},"end":{"line":409,"column":32}},"184":{"start":{"line":410,"column":20},"end":{"line":410,"column":43}},"185":{"start":{"line":411,"column":6},"end":{"line":436,"column":null}},"186":{"start":{"line":412,"column":8},"end":{"line":415,"column":null}},"187":{"start":{"line":413,"column":10},"end":{"line":413,"column":22}},"188":{"start":{"line":414,"column":10},"end":{"line":414,"column":17}},"189":{"start":{"line":417,"column":31},"end":{"line":417,"column":64}},"190":{"start":{"line":418,"column":26},"end":{"line":418,"column":77}},"191":{"start":{"line":419,"column":8},"end":{"line":433,"column":null}},"192":{"start":{"line":419,"column":21},"end":{"line":419,"column":22}},"193":{"start":{"line":420,"column":22},"end":{"line":420,"column":48}},"194":{"start":{"line":421,"column":10},"end":{"line":423,"column":null}},"195":{"start":{"line":422,"column":12},"end":{"line":422,"column":63}},"196":{"start":{"line":424,"column":10},"end":{"line":427,"column":null}},"197":{"start":{"line":425,"column":12},"end":{"line":425,"column":52}},"198":{"start":{"line":426,"column":12},"end":{"line":426,"column":21}},"199":{"start":{"line":429,"column":26},"end":{"line":429,"column":52}},"200":{"start":{"line":430,"column":10},"end":{"line":430,"column":null}},"201":{"start":{"line":431,"column":10},"end":{"line":431,"column":49}},"202":{"start":{"line":432,"column":10},"end":{"line":432,"column":32}},"203":{"start":{"line":435,"column":8},"end":{"line":435,"column":20}},"204":{"start":{"line":448,"column":4},"end":{"line":464,"column":null}},"205":{"start":{"line":448,"column":17},"end":{"line":448,"column":18}},"206":{"start":{"line":449,"column":16},"end":{"line":449,"column":43}},"207":{"start":{"line":450,"column":22},"end":{"line":450,"column":33}},"208":{"start":{"line":451,"column":6},"end":{"line":453,"column":null}},"209":{"start":{"line":452,"column":8},"end":{"line":452,"column":37}},"210":{"start":{"line":455,"column":6},"end":{"line":459,"column":null}},"211":{"start":{"line":456,"column":8},"end":{"line":456,"column":47}},"212":{"start":{"line":457,"column":13},"end":{"line":459,"column":null}},"213":{"start":{"line":458,"column":8},"end":{"line":458,"column":47}},"214":{"start":{"line":461,"column":6},"end":{"line":463,"column":null}},"215":{"start":{"line":462,"column":8},"end":{"line":462,"column":44}},"216":{"start":{"line":475,"column":22},"end":{"line":475,"column":36}},"217":{"start":{"line":476,"column":4},"end":{"line":505,"column":null}},"218":{"start":{"line":477,"column":25},"end":{"line":480,"column":19}},"219":{"start":{"line":481,"column":6},"end":{"line":503,"column":9}},"220":{"start":{"line":482,"column":18},"end":{"line":482,"column":32}},"221":{"start":{"line":483,"column":8},"end":{"line":502,"column":null}},"222":{"start":{"line":484,"column":18},"end":{"line":484,"column":23}},"223":{"start":{"line":485,"column":10},"end":{"line":498,"column":null}},"224":{"start":{"line":486,"column":12},"end":{"line":490,"column":15}},"225":{"start":{"line":487,"column":14},"end":{"line":489,"column":null}},"226":{"start":{"line":488,"column":16},"end":{"line":488,"column":31}},"227":{"start":{"line":491,"column":12},"end":{"line":491,"column":47}},"228":{"start":{"line":493,"column":12},"end":{"line":497,"column":null}},"229":{"start":{"line":494,"column":14},"end":{"line":494,"column":76}},"230":{"start":{"line":496,"column":14},"end":{"line":496,"column":null}},"231":{"start":{"line":499,"column":10},"end":{"line":501,"column":null}},"232":{"start":{"line":500,"column":12},"end":{"line":500,"column":70}},"233":{"start":{"line":504,"column":6},"end":{"line":504,"column":35}},"234":{"start":{"line":515,"column":4},"end":{"line":515,"column":77}},"235":{"start":{"line":11,"column":0},"end":{"line":11,"column":13}},"236":{"start":{"line":13,"column":26},"end":{"line":13,"column":66}}},"fnMap":{"0":{"name":"(anonymous_0)","decl":{"start":{"line":23,"column":2},"end":{"line":23,"column":22}},"loc":{"start":{"line":23,"column":139},"end":{"line":31,"column":3}}},"1":{"name":"(anonymous_1)","decl":{"start":{"line":36,"column":2},"end":{"line":36,"column":8}},"loc":{"start":{"line":36,"column":8},"end":{"line":44,"column":3}}},"2":{"name":"(anonymous_2)","decl":{"start":{"line":52,"column":10},"end":{"line":52,"column":19}},"loc":{"start":{"line":52,"column":51},"end":{"line":109,"column":3}}},"3":{"name":"(anonymous_3)","decl":{"start":{"line":117,"column":10},"end":{"line":117,"column":26}},"loc":{"start":{"line":117,"column":51},"end":{"line":126,"column":3}}},"4":{"name":"(anonymous_4)","decl":{"start":{"line":119,"column":40},"end":{"line":119,"column":41}},"loc":{"start":{"line":119,"column":51},"end":{"line":124,"column":7}}},"5":{"name":"(anonymous_5)","decl":{"start":{"line":136,"column":10},"end":{"line":136,"column":29}},"loc":{"start":{"line":136,"column":76},"end":{"line":139,"column":3}}},"6":{"name":"(anonymous_6)","decl":{"start":{"line":138,"column":31},"end":{"line":138,"column":34}},"loc":{"start":{"line":138,"column":37},"end":{"line":138,"column":48}}},"7":{"name":"(anonymous_7)","decl":{"start":{"line":148,"column":10},"end":{"line":148,"column":25}},"loc":{"start":{"line":148,"column":61},"end":{"line":170,"column":3}}},"8":{"name":"(anonymous_8)","decl":{"start":{"line":155,"column":26},"end":{"line":155,"column":27}},"loc":{"start":{"line":155,"column":40},"end":{"line":161,"column":11}}},"9":{"name":"(anonymous_9)","decl":{"start":{"line":179,"column":10},"end":{"line":179,"column":35}},"loc":{"start":{"line":179,"column":69},"end":{"line":186,"column":3}}},"10":{"name":"(anonymous_10)","decl":{"start":{"line":181,"column":40},"end":{"line":181,"column":41}},"loc":{"start":{"line":181,"column":60},"end":{"line":184,"column":5}}},"11":{"name":"(anonymous_11)","decl":{"start":{"line":196,"column":10},"end":{"line":196,"column":22}},"loc":{"start":{"line":196,"column":56},"end":{"line":201,"column":3}}},"12":{"name":"(anonymous_12)","decl":{"start":{"line":198,"column":18},"end":{"line":198,"column":19}},"loc":{"start":{"line":198,"column":23},"end":{"line":198,"column":90}}},"13":{"name":"(anonymous_13)","decl":{"start":{"line":209,"column":10},"end":{"line":209,"column":27}},"loc":{"start":{"line":209,"column":49},"end":{"line":242,"column":3}}},"14":{"name":"(anonymous_14)","decl":{"start":{"line":250,"column":10},"end":{"line":250,"column":28}},"loc":{"start":{"line":250,"column":50},"end":{"line":274,"column":3}}},"15":{"name":"(anonymous_15)","decl":{"start":{"line":282,"column":10},"end":{"line":282,"column":25}},"loc":{"start":{"line":282,"column":54},"end":{"line":308,"column":3}}},"16":{"name":"(anonymous_16)","decl":{"start":{"line":283,"column":38},"end":{"line":283,"column":39}},"loc":{"start":{"line":283,"column":49},"end":{"line":307,"column":5}}},"17":{"name":"(anonymous_17)","decl":{"start":{"line":315,"column":10},"end":{"line":315,"column":29}},"loc":{"start":{"line":315,"column":41},"end":{"line":329,"column":3}}},"18":{"name":"(anonymous_18)","decl":{"start":{"line":316,"column":38},"end":{"line":316,"column":39}},"loc":{"start":{"line":316,"column":49},"end":{"line":328,"column":5}}},"19":{"name":"(anonymous_19)","decl":{"start":{"line":337,"column":10},"end":{"line":337,"column":23}},"loc":{"start":{"line":337,"column":56},"end":{"line":358,"column":3}}},"20":{"name":"(anonymous_20)","decl":{"start":{"line":338,"column":38},"end":{"line":338,"column":39}},"loc":{"start":{"line":338,"column":49},"end":{"line":357,"column":5}}},"21":{"name":"(anonymous_21)","decl":{"start":{"line":350,"column":40},"end":{"line":350,"column":43}},"loc":{"start":{"line":350,"column":46},"end":{"line":350,"column":77}}},"22":{"name":"(anonymous_22)","decl":{"start":{"line":366,"column":10},"end":{"line":366,"column":25}},"loc":{"start":{"line":366,"column":52},"end":{"line":379,"column":3}}},"23":{"name":"(anonymous_23)","decl":{"start":{"line":388,"column":10},"end":{"line":388,"column":27}},"loc":{"start":{"line":388,"column":73},"end":{"line":396,"column":3}}},"24":{"name":"(anonymous_24)","decl":{"start":{"line":403,"column":10},"end":{"line":403,"column":21}},"loc":{"start":{"line":403,"column":33},"end":{"line":438,"column":3}}},"25":{"name":"(anonymous_25)","decl":{"start":{"line":447,"column":10},"end":{"line":447,"column":24}},"loc":{"start":{"line":447,"column":65},"end":{"line":465,"column":3}}},"26":{"name":"(anonymous_26)","decl":{"start":{"line":474,"column":10},"end":{"line":474,"column":27}},"loc":{"start":{"line":474,"column":71},"end":{"line":506,"column":3}}},"27":{"name":"(anonymous_27)","decl":{"start":{"line":481,"column":25},"end":{"line":481,"column":32}},"loc":{"start":{"line":481,"column":35},"end":{"line":503,"column":7}}},"28":{"name":"(anonymous_28)","decl":{"start":{"line":486,"column":33},"end":{"line":486,"column":40}},"loc":{"start":{"line":486,"column":43},"end":{"line":490,"column":13}}},"29":{"name":"(anonymous_29)","decl":{"start":{"line":514,"column":10},"end":{"line":514,"column":21}},"loc":{"start":{"line":514,"column":65},"end":{"line":516,"column":3}}}},"branchMap":{"0":{"loc":{"start":{"line":59,"column":6},"end":{"line":61,"column":null}},"type":"if","locations":[{"start":{"line":59,"column":6},"end":{"line":61,"column":null}},{"start":{"line":59,"column":6},"end":{"line":61,"column":null}}]},"1":{"loc":{"start":{"line":64,"column":6},"end":{"line":85,"column":null}},"type":"if","locations":[{"start":{"line":64,"column":6},"end":{"line":85,"column":null}},{"start":{"line":64,"column":6},"end":{"line":85,"column":null}}]},"2":{"loc":{"start":{"line":68,"column":13},"end":{"line":85,"column":null}},"type":"if","locations":[{"start":{"line":68,"column":13},"end":{"line":85,"column":null}},{"start":{"line":68,"column":13},"end":{"line":85,"column":null}}]},"3":{"loc":{"start":{"line":68,"column":17},"end":{"line":68,"column":50}},"type":"binary-expr","locations":[{"start":{"line":68,"column":17},"end":{"line":68,"column":50}},{"start":{"line":68,"column":54},"end":{"line":68,"column":87}}]},"4":{"loc":{"start":{"line":69,"column":8},"end":{"line":73,"column":null}},"type":"if","locations":[{"start":{"line":69,"column":8},"end":{"line":73,"column":null}},{"start":{"line":69,"column":8},"end":{"line":73,"column":null}}]},"5":{"loc":{"start":{"line":74,"column":13},"end":{"line":85,"column":null}},"type":"if","locations":[{"start":{"line":74,"column":13},"end":{"line":85,"column":null}},{"start":{"line":74,"column":13},"end":{"line":85,"column":null}}]},"6":{"loc":{"start":{"line":74,"column":17},"end":{"line":74,"column":50}},"type":"binary-expr","locations":[{"start":{"line":74,"column":17},"end":{"line":74,"column":50}},{"start":{"line":74,"column":54},"end":{"line":74,"column":73}}]},"7":{"loc":{"start":{"line":75,"column":8},"end":{"line":84,"column":null}},"type":"if","locations":[{"start":{"line":75,"column":8},"end":{"line":84,"column":null}},{"start":{"line":75,"column":8},"end":{"line":84,"column":null}}]},"8":{"loc":{"start":{"line":75,"column":12},"end":{"line":75,"column":45}},"type":"binary-expr","locations":[{"start":{"line":75,"column":12},"end":{"line":75,"column":45}},{"start":{"line":75,"column":49},"end":{"line":75,"column":82}}]},"9":{"loc":{"start":{"line":80,"column":15},"end":{"line":84,"column":null}},"type":"if","locations":[{"start":{"line":80,"column":15},"end":{"line":84,"column":null}},{"start":{"line":80,"column":15},"end":{"line":84,"column":null}}]},"10":{"loc":{"start":{"line":80,"column":19},"end":{"line":80,"column":52}},"type":"binary-expr","locations":[{"start":{"line":80,"column":19},"end":{"line":80,"column":52}},{"start":{"line":80,"column":56},"end":{"line":80,"column":89}}]},"11":{"loc":{"start":{"line":87,"column":6},"end":{"line":105,"column":null}},"type":"if","locations":[{"start":{"line":87,"column":6},"end":{"line":105,"column":null}},{"start":{"line":87,"column":6},"end":{"line":105,"column":null}}]},"12":{"loc":{"start":{"line":90,"column":13},"end":{"line":105,"column":null}},"type":"if","locations":[{"start":{"line":90,"column":13},"end":{"line":105,"column":null}},{"start":{"line":90,"column":13},"end":{"line":105,"column":null}}]},"13":{"loc":{"start":{"line":92,"column":8},"end":{"line":99,"column":null}},"type":"if","locations":[{"start":{"line":92,"column":8},"end":{"line":99,"column":null}},{"start":{"line":92,"column":8},"end":{"line":99,"column":null}}]},"14":{"loc":{"start":{"line":94,"column":10},"end":{"line":98,"column":null}},"type":"if","locations":[{"start":{"line":94,"column":10},"end":{"line":98,"column":null}},{"start":{"line":94,"column":10},"end":{"line":98,"column":null}}]},"15":{"loc":{"start":{"line":95,"column":12},"end":{"line":97,"column":null}},"type":"if","locations":[{"start":{"line":95,"column":12},"end":{"line":97,"column":null}},{"start":{"line":95,"column":12},"end":{"line":97,"column":null}}]},"16":{"loc":{"start":{"line":95,"column":16},"end":{"line":95,"column":18}},"type":"binary-expr","locations":[{"start":{"line":95,"column":16},"end":{"line":95,"column":18}},{"start":{"line":95,"column":22},"end":{"line":95,"column":52}}]},"17":{"loc":{"start":{"line":100,"column":13},"end":{"line":105,"column":null}},"type":"if","locations":[{"start":{"line":100,"column":13},"end":{"line":105,"column":null}},{"start":{"line":100,"column":13},"end":{"line":105,"column":null}}]},"18":{"loc":{"start":{"line":101,"column":8},"end":{"line":104,"column":null}},"type":"if","locations":[{"start":{"line":101,"column":8},"end":{"line":104,"column":null}},{"start":{"line":101,"column":8},"end":{"line":104,"column":null}}]},"19":{"loc":{"start":{"line":101,"column":12},"end":{"line":101,"column":14}},"type":"binary-expr","locations":[{"start":{"line":101,"column":12},"end":{"line":101,"column":14}},{"start":{"line":101,"column":18},"end":{"line":101,"column":55}},{"start":{"line":101,"column":59},"end":{"line":101,"column":78}}]},"20":{"loc":{"start":{"line":118,"column":4},"end":{"line":125,"column":null}},"type":"if","locations":[{"start":{"line":118,"column":4},"end":{"line":125,"column":null}},{"start":{"line":118,"column":4},"end":{"line":125,"column":null}}]},"21":{"loc":{"start":{"line":121,"column":8},"end":{"line":123,"column":null}},"type":"if","locations":[{"start":{"line":121,"column":8},"end":{"line":123,"column":null}},{"start":{"line":121,"column":8},"end":{"line":123,"column":null}}]},"22":{"loc":{"start":{"line":122,"column":42},"end":{"line":122,"column":47}},"type":"cond-expr","locations":[{"start":{"line":122,"column":42},"end":{"line":122,"column":47}},{"start":{"line":122,"column":50},"end":{"line":122,"column":52}}]},"23":{"loc":{"start":{"line":154,"column":8},"end":{"line":165,"column":null}},"type":"if","locations":[{"start":{"line":154,"column":8},"end":{"line":165,"column":null}},{"start":{"line":154,"column":8},"end":{"line":165,"column":null}}]},"24":{"loc":{"start":{"line":157,"column":12},"end":{"line":160,"column":null}},"type":"if","locations":[{"start":{"line":157,"column":12},"end":{"line":160,"column":null}},{"start":{"line":157,"column":12},"end":{"line":160,"column":null}}]},"25":{"loc":{"start":{"line":183,"column":22},"end":{"line":183,"column":28}},"type":"cond-expr","locations":[{"start":{"line":183,"column":22},"end":{"line":183,"column":28}},{"start":{"line":183,"column":31},"end":{"line":183,"column":36}}]},"26":{"loc":{"start":{"line":215,"column":6},"end":{"line":217,"column":null}},"type":"if","locations":[{"start":{"line":215,"column":6},"end":{"line":217,"column":null}},{"start":{"line":215,"column":6},"end":{"line":217,"column":null}}]},"27":{"loc":{"start":{"line":220,"column":6},"end":{"line":236,"column":null}},"type":"if","locations":[{"start":{"line":220,"column":6},"end":{"line":236,"column":null}},{"start":{"line":220,"column":6},"end":{"line":236,"column":null}}]},"28":{"loc":{"start":{"line":221,"column":8},"end":{"line":233,"column":null}},"type":"if","locations":[{"start":{"line":221,"column":8},"end":{"line":233,"column":null}},{"start":{"line":221,"column":8},"end":{"line":233,"column":null}}]},"29":{"loc":{"start":{"line":221,"column":12},"end":{"line":221,"column":13}},"type":"binary-expr","locations":[{"start":{"line":221,"column":12},"end":{"line":221,"column":13}},{"start":{"line":221,"column":17},"end":{"line":221,"column":29}}]},"30":{"loc":{"start":{"line":222,"column":10},"end":{"line":228,"column":null}},"type":"if","locations":[{"start":{"line":222,"column":10},"end":{"line":228,"column":null}},{"start":{"line":222,"column":10},"end":{"line":228,"column":null}}]},"31":{"loc":{"start":{"line":224,"column":17},"end":{"line":228,"column":null}},"type":"if","locations":[{"start":{"line":224,"column":17},"end":{"line":228,"column":null}},{"start":{"line":224,"column":17},"end":{"line":228,"column":null}}]},"32":{"loc":{"start":{"line":226,"column":17},"end":{"line":228,"column":null}},"type":"if","locations":[{"start":{"line":226,"column":17},"end":{"line":228,"column":null}},{"start":{"line":226,"column":17},"end":{"line":228,"column":null}}]},"33":{"loc":{"start":{"line":234,"column":13},"end":{"line":236,"column":null}},"type":"if","locations":[{"start":{"line":234,"column":13},"end":{"line":236,"column":null}},{"start":{"line":234,"column":13},"end":{"line":236,"column":null}}]},"34":{"loc":{"start":{"line":234,"column":17},"end":{"line":234,"column":46}},"type":"binary-expr","locations":[{"start":{"line":234,"column":17},"end":{"line":234,"column":46}},{"start":{"line":234,"column":50},"end":{"line":234,"column":59}}]},"35":{"loc":{"start":{"line":238,"column":6},"end":{"line":240,"column":null}},"type":"if","locations":[{"start":{"line":238,"column":6},"end":{"line":240,"column":null}},{"start":{"line":238,"column":6},"end":{"line":240,"column":null}}]},"36":{"loc":{"start":{"line":256,"column":6},"end":{"line":268,"column":null}},"type":"if","locations":[{"start":{"line":256,"column":6},"end":{"line":268,"column":null}},{"start":{"line":256,"column":6},"end":{"line":268,"column":null}}]},"37":{"loc":{"start":{"line":257,"column":8},"end":{"line":267,"column":null}},"type":"if","locations":[{"start":{"line":257,"column":8},"end":{"line":267,"column":null}},{"start":{"line":257,"column":8},"end":{"line":267,"column":null}}]},"38":{"loc":{"start":{"line":257,"column":12},"end":{"line":257,"column":13}},"type":"binary-expr","locations":[{"start":{"line":257,"column":12},"end":{"line":257,"column":13}},{"start":{"line":257,"column":17},"end":{"line":257,"column":29}}]},"39":{"loc":{"start":{"line":258,"column":10},"end":{"line":264,"column":null}},"type":"if","locations":[{"start":{"line":258,"column":10},"end":{"line":264,"column":null}},{"start":{"line":258,"column":10},"end":{"line":264,"column":null}}]},"40":{"loc":{"start":{"line":260,"column":17},"end":{"line":264,"column":null}},"type":"if","locations":[{"start":{"line":260,"column":17},"end":{"line":264,"column":null}},{"start":{"line":260,"column":17},"end":{"line":264,"column":null}}]},"41":{"loc":{"start":{"line":262,"column":17},"end":{"line":264,"column":null}},"type":"if","locations":[{"start":{"line":262,"column":17},"end":{"line":264,"column":null}},{"start":{"line":262,"column":17},"end":{"line":264,"column":null}}]},"42":{"loc":{"start":{"line":270,"column":6},"end":{"line":272,"column":null}},"type":"if","locations":[{"start":{"line":270,"column":6},"end":{"line":272,"column":null}},{"start":{"line":270,"column":6},"end":{"line":272,"column":null}}]},"43":{"loc":{"start":{"line":270,"column":10},"end":{"line":270,"column":42}},"type":"binary-expr","locations":[{"start":{"line":270,"column":10},"end":{"line":270,"column":42}},{"start":{"line":270,"column":46},"end":{"line":270,"column":67}}]},"44":{"loc":{"start":{"line":284,"column":6},"end":{"line":306,"column":null}},"type":"if","locations":[{"start":{"line":284,"column":6},"end":{"line":306,"column":null}},{"start":{"line":284,"column":6},"end":{"line":306,"column":null}}]},"45":{"loc":{"start":{"line":286,"column":8},"end":{"line":304,"column":null}},"type":"if","locations":[{"start":{"line":286,"column":8},"end":{"line":304,"column":null}},{"start":{"line":286,"column":8},"end":{"line":304,"column":null}}]},"46":{"loc":{"start":{"line":290,"column":10},"end":{"line":295,"column":null}},"type":"if","locations":[{"start":{"line":290,"column":10},"end":{"line":295,"column":null}},{"start":{"line":290,"column":10},"end":{"line":295,"column":null}}]},"47":{"loc":{"start":{"line":292,"column":12},"end":{"line":294,"column":null}},"type":"if","locations":[{"start":{"line":292,"column":12},"end":{"line":294,"column":null}},{"start":{"line":292,"column":12},"end":{"line":294,"column":null}}]},"48":{"loc":{"start":{"line":297,"column":10},"end":{"line":303,"column":null}},"type":"if","locations":[{"start":{"line":297,"column":10},"end":{"line":303,"column":null}},{"start":{"line":297,"column":10},"end":{"line":303,"column":null}}]},"49":{"loc":{"start":{"line":297,"column":14},"end":{"line":297,"column":25}},"type":"binary-expr","locations":[{"start":{"line":297,"column":14},"end":{"line":297,"column":25}},{"start":{"line":297,"column":29},"end":{"line":297,"column":56}}]},"50":{"loc":{"start":{"line":317,"column":6},"end":{"line":327,"column":null}},"type":"if","locations":[{"start":{"line":317,"column":6},"end":{"line":327,"column":null}},{"start":{"line":317,"column":6},"end":{"line":327,"column":null}}]},"51":{"loc":{"start":{"line":319,"column":8},"end":{"line":326,"column":null}},"type":"if","locations":[{"start":{"line":319,"column":8},"end":{"line":326,"column":null}},{"start":{"line":319,"column":8},"end":{"line":326,"column":null}}]},"52":{"loc":{"start":{"line":319,"column":12},"end":{"line":319,"column":33}},"type":"binary-expr","locations":[{"start":{"line":319,"column":12},"end":{"line":319,"column":33}},{"start":{"line":319,"column":37},"end":{"line":319,"column":58}},{"start":{"line":319,"column":62},"end":{"line":319,"column":80}}]},"53":{"loc":{"start":{"line":321,"column":10},"end":{"line":324,"column":null}},"type":"if","locations":[{"start":{"line":321,"column":10},"end":{"line":324,"column":null}},{"start":{"line":321,"column":10},"end":{"line":324,"column":null}}]},"54":{"loc":{"start":{"line":339,"column":6},"end":{"line":353,"column":null}},"type":"if","locations":[{"start":{"line":339,"column":6},"end":{"line":353,"column":null}},{"start":{"line":339,"column":6},"end":{"line":353,"column":null}}]},"55":{"loc":{"start":{"line":339,"column":10},"end":{"line":339,"column":27}},"type":"binary-expr","locations":[{"start":{"line":339,"column":10},"end":{"line":339,"column":27}},{"start":{"line":339,"column":31},"end":{"line":339,"column":41}}]},"56":{"loc":{"start":{"line":344,"column":8},"end":{"line":352,"column":null}},"type":"if","locations":[{"start":{"line":344,"column":8},"end":{"line":352,"column":null}},{"start":{"line":344,"column":8},"end":{"line":352,"column":null}}]},"57":{"loc":{"start":{"line":354,"column":6},"end":{"line":356,"column":null}},"type":"if","locations":[{"start":{"line":354,"column":6},"end":{"line":356,"column":null}},{"start":{"line":354,"column":6},"end":{"line":356,"column":null}}]},"58":{"loc":{"start":{"line":367,"column":4},"end":{"line":378,"column":null}},"type":"if","locations":[{"start":{"line":367,"column":4},"end":{"line":378,"column":null}},{"start":{"line":367,"column":4},"end":{"line":378,"column":null}}]},"59":{"loc":{"start":{"line":367,"column":8},"end":{"line":367,"column":10}},"type":"binary-expr","locations":[{"start":{"line":367,"column":8},"end":{"line":367,"column":10}},{"start":{"line":367,"column":14},"end":{"line":367,"column":27}}]},"60":{"loc":{"start":{"line":370,"column":6},"end":{"line":377,"column":null}},"type":"if","locations":[{"start":{"line":370,"column":6},"end":{"line":377,"column":null}},{"start":{"line":370,"column":6},"end":{"line":377,"column":null}}]},"61":{"loc":{"start":{"line":371,"column":40},"end":{"line":371,"column":74}},"type":"cond-expr","locations":[{"start":{"line":371,"column":40},"end":{"line":371,"column":74}},{"start":{"line":371,"column":77},"end":{"line":371,"column":97}}]},"62":{"loc":{"start":{"line":372,"column":8},"end":{"line":375,"column":null}},"type":"if","locations":[{"start":{"line":372,"column":8},"end":{"line":375,"column":null}},{"start":{"line":372,"column":8},"end":{"line":375,"column":null}}]},"63":{"loc":{"start":{"line":389,"column":4},"end":{"line":395,"column":null}},"type":"if","locations":[{"start":{"line":389,"column":4},"end":{"line":395,"column":null}},{"start":{"line":389,"column":4},"end":{"line":395,"column":null}}]},"64":{"loc":{"start":{"line":389,"column":8},"end":{"line":389,"column":10}},"type":"binary-expr","locations":[{"start":{"line":389,"column":8},"end":{"line":389,"column":10}},{"start":{"line":389,"column":14},"end":{"line":389,"column":27}}]},"65":{"loc":{"start":{"line":391,"column":6},"end":{"line":394,"column":null}},"type":"if","locations":[{"start":{"line":391,"column":6},"end":{"line":394,"column":null}},{"start":{"line":391,"column":6},"end":{"line":394,"column":null}}]},"66":{"loc":{"start":{"line":407,"column":4},"end":{"line":437,"column":null}},"type":"if","locations":[{"start":{"line":407,"column":4},"end":{"line":437,"column":null}},{"start":{"line":407,"column":4},"end":{"line":437,"column":null}}]},"67":{"loc":{"start":{"line":411,"column":6},"end":{"line":436,"column":null}},"type":"if","locations":[{"start":{"line":411,"column":6},"end":{"line":436,"column":null}},{"start":{"line":411,"column":6},"end":{"line":436,"column":null}}]},"68":{"loc":{"start":{"line":412,"column":8},"end":{"line":415,"column":null}},"type":"if","locations":[{"start":{"line":412,"column":8},"end":{"line":415,"column":null}},{"start":{"line":412,"column":8},"end":{"line":415,"column":null}}]},"69":{"loc":{"start":{"line":412,"column":12},"end":{"line":412,"column":30}},"type":"binary-expr","locations":[{"start":{"line":412,"column":12},"end":{"line":412,"column":30}},{"start":{"line":412,"column":34},"end":{"line":412,"column":55}}]},"70":{"loc":{"start":{"line":418,"column":41},"end":{"line":418,"column":53}},"type":"cond-expr","locations":[{"start":{"line":418,"column":41},"end":{"line":418,"column":53}},{"start":{"line":418,"column":56},"end":{"line":418,"column":77}}]},"71":{"loc":{"start":{"line":421,"column":10},"end":{"line":423,"column":null}},"type":"if","locations":[{"start":{"line":421,"column":10},"end":{"line":423,"column":null}},{"start":{"line":421,"column":10},"end":{"line":423,"column":null}}]},"72":{"loc":{"start":{"line":424,"column":10},"end":{"line":427,"column":null}},"type":"if","locations":[{"start":{"line":424,"column":10},"end":{"line":427,"column":null}},{"start":{"line":424,"column":10},"end":{"line":427,"column":null}}]},"73":{"loc":{"start":{"line":451,"column":6},"end":{"line":453,"column":null}},"type":"if","locations":[{"start":{"line":451,"column":6},"end":{"line":453,"column":null}},{"start":{"line":451,"column":6},"end":{"line":453,"column":null}}]},"74":{"loc":{"start":{"line":455,"column":6},"end":{"line":459,"column":null}},"type":"if","locations":[{"start":{"line":455,"column":6},"end":{"line":459,"column":null}},{"start":{"line":455,"column":6},"end":{"line":459,"column":null}}]},"75":{"loc":{"start":{"line":455,"column":10},"end":{"line":455,"column":42}},"type":"binary-expr","locations":[{"start":{"line":455,"column":10},"end":{"line":455,"column":42}},{"start":{"line":455,"column":46},"end":{"line":455,"column":68}}]},"76":{"loc":{"start":{"line":457,"column":13},"end":{"line":459,"column":null}},"type":"if","locations":[{"start":{"line":457,"column":13},"end":{"line":459,"column":null}},{"start":{"line":457,"column":13},"end":{"line":459,"column":null}}]},"77":{"loc":{"start":{"line":457,"column":17},"end":{"line":457,"column":46}},"type":"binary-expr","locations":[{"start":{"line":457,"column":17},"end":{"line":457,"column":46}},{"start":{"line":457,"column":50},"end":{"line":457,"column":59}}]},"78":{"loc":{"start":{"line":461,"column":6},"end":{"line":463,"column":null}},"type":"if","locations":[{"start":{"line":461,"column":6},"end":{"line":463,"column":null}},{"start":{"line":461,"column":6},"end":{"line":463,"column":null}}]},"79":{"loc":{"start":{"line":461,"column":10},"end":{"line":461,"column":42}},"type":"binary-expr","locations":[{"start":{"line":461,"column":10},"end":{"line":461,"column":42}},{"start":{"line":461,"column":46},"end":{"line":461,"column":67}}]},"80":{"loc":{"start":{"line":476,"column":4},"end":{"line":505,"column":null}},"type":"if","locations":[{"start":{"line":476,"column":4},"end":{"line":505,"column":null}},{"start":{"line":476,"column":4},"end":{"line":505,"column":null}}]},"81":{"loc":{"start":{"line":483,"column":8},"end":{"line":502,"column":null}},"type":"if","locations":[{"start":{"line":483,"column":8},"end":{"line":502,"column":null}},{"start":{"line":483,"column":8},"end":{"line":502,"column":null}}]},"82":{"loc":{"start":{"line":485,"column":10},"end":{"line":498,"column":null}},"type":"if","locations":[{"start":{"line":485,"column":10},"end":{"line":498,"column":null}},{"start":{"line":485,"column":10},"end":{"line":498,"column":null}}]},"83":{"loc":{"start":{"line":487,"column":14},"end":{"line":489,"column":null}},"type":"if","locations":[{"start":{"line":487,"column":14},"end":{"line":489,"column":null}},{"start":{"line":487,"column":14},"end":{"line":489,"column":null}}]},"84":{"loc":{"start":{"line":491,"column":40},"end":{"line":491,"column":41}},"type":"cond-expr","locations":[{"start":{"line":491,"column":40},"end":{"line":491,"column":41}},{"start":{"line":491,"column":44},"end":{"line":491,"column":46}}]},"85":{"loc":{"start":{"line":493,"column":12},"end":{"line":497,"column":null}},"type":"if","locations":[{"start":{"line":493,"column":12},"end":{"line":497,"column":null}},{"start":{"line":493,"column":12},"end":{"line":497,"column":null}}]},"86":{"loc":{"start":{"line":494,"column":46},"end":{"line":494,"column":51}},"type":"cond-expr","locations":[{"start":{"line":494,"column":46},"end":{"line":494,"column":51}},{"start":{"line":494,"column":54},"end":{"line":494,"column":75}}]},"87":{"loc":{"start":{"line":499,"column":10},"end":{"line":501,"column":null}},"type":"if","locations":[{"start":{"line":499,"column":10},"end":{"line":501,"column":null}},{"start":{"line":499,"column":10},"end":{"line":501,"column":null}}]}},"s":{"0":11,"1":11,"2":11,"3":121,"4":121,"5":121,"6":121,"7":121,"8":121,"9":121,"10":121,"11":121,"12":79,"13":79,"14":79,"15":79,"16":79,"17":510,"18":510,"19":510,"20":510,"21":1376,"22":1376,"23":73,"24":1303,"25":1303,"26":5,"27":5,"28":5,"29":1298,"30":13,"31":13,"32":13,"33":13,"34":1285,"35":473,"36":17,"37":17,"38":17,"39":456,"40":19,"41":19,"42":1303,"43":431,"44":431,"45":872,"46":854,"47":854,"48":854,"49":854,"50":267,"51":55,"52":18,"53":18,"54":9,"55":9,"56":1303,"57":431,"58":431,"59":281,"60":281,"61":16,"62":598,"63":598,"64":365,"65":65,"66":65,"67":65,"68":65,"69":65,"70":65,"71":65,"72":159,"73":159,"74":39,"75":39,"76":65,"77":65,"78":20,"79":45,"80":200,"81":200,"82":65,"83":65,"84":200,"85":200,"86":200,"87":267,"88":200,"89":200,"90":546,"91":546,"92":1220,"93":1220,"94":1220,"95":795,"96":1220,"97":1220,"98":425,"99":425,"100":14,"101":411,"102":4,"103":407,"104":20,"105":425,"106":425,"107":425,"108":795,"109":198,"110":1220,"111":425,"112":306,"113":306,"114":306,"115":1200,"116":1200,"117":529,"118":529,"119":20,"120":509,"121":5,"122":504,"123":39,"124":529,"125":529,"126":1200,"127":227,"128":954,"129":721,"130":61,"131":61,"132":61,"133":61,"134":36,"135":36,"136":36,"137":61,"138":61,"139":54,"140":54,"141":7,"142":7,"143":61,"144":425,"145":327,"146":55,"147":55,"148":21,"149":21,"150":20,"151":20,"152":21,"153":954,"154":685,"155":49,"156":49,"157":49,"158":49,"159":49,"160":49,"161":56,"162":685,"163":145,"164":34,"165":34,"166":34,"167":34,"168":34,"169":34,"170":15,"171":15,"172":34,"173":9,"174":9,"175":9,"176":5,"177":5,"178":59,"179":59,"180":59,"181":59,"182":59,"183":59,"184":59,"185":59,"186":57,"187":7,"188":7,"189":50,"190":50,"191":50,"192":50,"193":204,"194":204,"195":6,"196":204,"197":50,"198":50,"199":154,"200":154,"201":154,"202":154,"203":2,"204":224,"205":224,"206":634,"207":634,"208":634,"209":429,"210":634,"211":185,"212":449,"213":19,"214":634,"215":20,"216":204,"217":204,"218":204,"219":204,"220":748,"221":748,"222":331,"223":331,"224":123,"225":265,"226":130,"227":123,"228":208,"229":146,"230":62,"231":331,"232":331,"233":204,"234":176,"235":11,"236":11},"f":{"0":121,"1":79,"2":510,"3":431,"4":281,"5":598,"6":365,"7":65,"8":159,"9":200,"10":65,"11":200,"12":267,"13":546,"14":306,"15":954,"16":721,"17":425,"18":327,"19":954,"20":685,"21":56,"22":34,"23":9,"24":59,"25":224,"26":204,"27":748,"28":265,"29":176},"b":{"0":[73,1303],"1":[5,1298],"2":[13,1285],"3":[1298,22],"4":[13,0],"5":[473,812],"6":[1285,1267],"7":[17,456],"8":[473,311],"9":[19,437],"10":[456,162],"11":[431,872],"12":[854,18],"13":[854,0],"14":[267,587],"15":[55,212],"16":[267,267],"17":[18,0],"18":[9,9],"19":[18,18,18],"20":[431,0],"21":[16,265],"22":[16,0],"23":[65,0],"24":[39,120],"25":[20,45],"26":[795,425],"27":[425,795],"28":[425,0],"29":[425,425],"30":[14,411],"31":[4,407],"32":[20,387],"33":[198,597],"34":[795,788],"35":[425,795],"36":[529,671],"37":[529,0],"38":[529,529],"39":[20,509],"40":[5,504],"41":[39,465],"42":[227,973],"43":[1200,529],"44":[61,660],"45":[0,61],"46":[36,25],"47":[36,0],"48":[54,7],"49":[61,61],"50":[55,272],"51":[21,34],"52":[55,34,24],"53":[20,1],"54":[49,636],"55":[685,145],"56":[49,0],"57":[145,540],"58":[34,0],"59":[34,34],"60":[34,0],"61":[8,26],"62":[15,19],"63":[9,0],"64":[9,9],"65":[5,4],"66":[59,0],"67":[57,2],"68":[7,50],"69":[57,51],"70":[48,2],"71":[6,198],"72":[50,154],"73":[429,205],"74":[185,449],"75":[634,205],"76":[19,430],"77":[449,429],"78":[20,614],"79":[634,205],"80":[204,0],"81":[331,417],"82":[123,208],"83":[130,135],"84":[123,0],"85":[146,62],"86":[113,33],"87":[331,0]}}
,"/home/tch/Documents/reftch/web-virtual-dom/packages/web-core/src/core/index.ts": {"path":"/home/tch/Documents/reftch/web-virtual-dom/packages/web-core/src/core/index.ts","statementMap":{"0":{"start":{"line":1,"column":0},"end":{"line":1,"column":9}},"1":{"start":{"line":10,"column":2},"end":{"line":1,"column":20}},"2":{"start":{"line":9,"column":2},"end":{"line":1,"column":47}},"3":{"start":{"line":2,"column":0},"end":{"line":2,"column":9}},"4":{"start":{"line":12,"column":2},"end":{"line":2,"column":49}},"5":{"start":{"line":4,"column":0},"end":{"line":4,"column":9}},"6":{"start":{"line":13,"column":2},"end":{"line":4,"column":30}},"7":{"start":{"line":5,"column":0},"end":{"line":5,"column":9}},"8":{"start":{"line":14,"column":2},"end":{"line":5,"column":32}},"9":{"start":{"line":6,"column":0},"end":{"line":6,"column":9}},"10":{"start":{"line":15,"column":2},"end":{"line":6,"column":26}}},"fnMap":{"0":{"name":"(anonymous_0)","decl":{"start":{"line":10,"column":2},"end":{"line":10,"column":11}},"loc":{"start":{"line":10,"column":2},"end":{"line":1,"column":20}}},"1":{"name":"(anonymous_1)","decl":{"start":{"line":9,"column":2},"end":{"line":9,"column":6}},"loc":{"start":{"line":9,"column":2},"end":{"line":1,"column":47}}},"2":{"name":"(anonymous_2)","decl":{"start":{"line":12,"column":2},"end":{"line":12,"column":15}},"loc":{"start":{"line":12,"column":2},"end":{"line":2,"column":49}}},"3":{"name":"(anonymous_3)","decl":{"start":{"line":13,"column":2},"end":{"line":13,"column":6}},"loc":{"start":{"line":13,"column":2},"end":{"line":4,"column":30}}},"4":{"name":"(anonymous_4)","decl":{"start":{"line":14,"column":2},"end":{"line":14,"column":7}},"loc":{"start":{"line":14,"column":2},"end":{"line":5,"column":32}}},"5":{"name":"(anonymous_5)","decl":{"start":{"line":15,"column":2},"end":{"line":15,"column":4}},"loc":{"start":{"line":15,"column":2},"end":{"line":6,"column":26}}}},"branchMap":{},"s":{"0":11,"1":125,"2":126,"3":11,"4":125,"5":11,"6":11,"7":11,"8":11,"9":11,"10":61},"f":{"0":114,"1":115,"2":114,"3":0,"4":0,"5":50},"b":{}}
,"/home/tch/Documents/reftch/web-virtual-dom/packages/web-core/src/core/input.ts": {"path":"/home/tch/Documents/reftch/web-virtual-dom/packages/web-core/src/core/input.ts","statementMap":{"0":{"start":{"line":2,"column":0},"end":{"line":2,"column":26}},"1":{"start":{"line":4,"column":0},"end":{"line":4,"column":null}},"2":{"start":{"line":14,"column":43},"end":{"line":14,"column":45}},"3":{"start":{"line":16,"column":15},"end":{"line":18,"column":null}},"4":{"start":{"line":17,"column":4},"end":{"line":17,"column":24}},"5":{"start":{"line":28,"column":15},"end":{"line":38,"column":null}},"6":{"start":{"line":29,"column":4},"end":{"line":37,"column":null}},"7":{"start":{"line":30,"column":6},"end":{"line":36,"column":9}},"8":{"start":{"line":48,"column":15},"end":{"line":50,"column":null}},"9":{"start":{"line":49,"column":4},"end":{"line":49,"column":71}},"10":{"start":{"line":49,"column":30},"end":{"line":49,"column":69}},"11":{"start":{"line":59,"column":15},"end":{"line":61,"column":null}},"12":{"start":{"line":60,"column":4},"end":{"line":60,"column":53}},"13":{"start":{"line":60,"column":32},"end":{"line":60,"column":51}}},"fnMap":{"0":{"name":"(anonymous_0)","decl":{"start":{"line":4,"column":0},"end":{"line":4,"column":17}},"loc":{"start":{"line":4,"column":22},"end":{"line":63,"column":1}}},"1":{"name":"(anonymous_1)","decl":{"start":{"line":16,"column":23},"end":{"line":16,"column":26}},"loc":{"start":{"line":16,"column":28},"end":{"line":18,"column":3}}},"2":{"name":"(anonymous_2)","decl":{"start":{"line":28,"column":27},"end":{"line":28,"column":28}},"loc":{"start":{"line":28,"column":133},"end":{"line":38,"column":3}}},"3":{"name":"(anonymous_3)","decl":{"start":{"line":48,"column":26},"end":{"line":48,"column":27}},"loc":{"start":{"line":48,"column":70},"end":{"line":50,"column":3}}},"4":{"name":"(anonymous_4)","decl":{"start":{"line":49,"column":25},"end":{"line":49,"column":26}},"loc":{"start":{"line":49,"column":30},"end":{"line":49,"column":69}}},"5":{"name":"(anonymous_5)","decl":{"start":{"line":59,"column":27},"end":{"line":59,"column":28}},"loc":{"start":{"line":59,"column":82},"end":{"line":61,"column":3}}},"6":{"name":"(anonymous_6)","decl":{"start":{"line":60,"column":27},"end":{"line":60,"column":28}},"loc":{"start":{"line":60,"column":32},"end":{"line":60,"column":51}}}},"branchMap":{"0":{"loc":{"start":{"line":29,"column":4},"end":{"line":37,"column":null}},"type":"if","locations":[{"start":{"line":29,"column":4},"end":{"line":37,"column":null}},{"start":{"line":29,"column":4},"end":{"line":37,"column":null}}]},"1":{"loc":{"start":{"line":29,"column":8},"end":{"line":29,"column":10}},"type":"binary-expr","locations":[{"start":{"line":29,"column":8},"end":{"line":29,"column":10}},{"start":{"line":29,"column":14},"end":{"line":29,"column":19}},{"start":{"line":29,"column":23},"end":{"line":29,"column":29}}]},"2":{"loc":{"start":{"line":34,"column":27},"end":{"line":34,"column":33}},"type":"cond-expr","locations":[{"start":{"line":34,"column":27},"end":{"line":34,"column":33}},{"start":{"line":34,"column":36},"end":{"line":34,"column":56}}]},"3":{"loc":{"start":{"line":35,"column":29},"end":{"line":35,"column":33}},"type":"cond-expr","locations":[{"start":{"line":35,"column":29},"end":{"line":35,"column":33}},{"start":{"line":35,"column":36},"end":{"line":35,"column":41}}]},"4":{"loc":{"start":{"line":49,"column":30},"end":{"line":49,"column":47}},"type":"binary-expr","locations":[{"start":{"line":49,"column":30},"end":{"line":49,"column":47}},{"start":{"line":49,"column":51},"end":{"line":49,"column":69}}]},"5":{"loc":{"start":{"line":4,"column":17},"end":{"line":4,"column":22}},"type":"binary-expr","locations":[{"start":{"line":4,"column":17},"end":{"line":4,"column":22}},{"start":{"line":4,"column":17},"end":{"line":4,"column":null}}]}},"s":{"0":11,"1":11,"2":11,"3":11,"4":0,"5":11,"6":20,"7":20,"8":11,"9":145,"10":319,"11":11,"12":193,"13":491},"f":{"0":11,"1":0,"2":20,"3":145,"4":319,"5":193,"6":491},"b":{"0":[20,0],"1":[20,20,20],"2":[14,6],"3":[14,6],"4":[319,51],"5":[11,11]}}
,"/home/tch/Documents/reftch/web-virtual-dom/packages/web-core/src/core/wf.ts": {"path":"/home/tch/Documents/reftch/web-virtual-dom/packages/web-core/src/core/wf.ts","statementMap":{"0":{"start":{"line":2,"column":0},"end":{"line":2,"column":null}},"1":{"start":{"line":10,"column":15},"end":{"line":25,"column":null}},"2":{"start":{"line":11,"column":16},"end":{"line":11,"column":39}},"3":{"start":{"line":12,"column":4},"end":{"line":12,"column":49}},"4":{"start":{"line":13,"column":21},"end":{"line":13,"column":48}},"5":{"start":{"line":15,"column":18},"end":{"line":20,"column":5}},"6":{"start":{"line":16,"column":23},"end":{"line":16,"column":50}},"7":{"start":{"line":17,"column":6},"end":{"line":19,"column":null}},"8":{"start":{"line":18,"column":8},"end":{"line":18,"column":39}},"9":{"start":{"line":22,"column":4},"end":{"line":24,"column":null}},"10":{"start":{"line":27,"column":15},"end":{"line":31,"column":null}},"11":{"start":{"line":28,"column":4},"end":{"line":30,"column":7}},"12":{"start":{"line":29,"column":6},"end":{"line":29,"column":34}}},"fnMap":{"0":{"name":"(anonymous_0)","decl":{"start":{"line":2,"column":0},"end":{"line":2,"column":17}},"loc":{"start":{"line":2,"column":19},"end":{"line":33,"column":1}}},"1":{"name":"(anonymous_1)","decl":{"start":{"line":10,"column":27},"end":{"line":10,"column":28}},"loc":{"start":{"line":10,"column":46},"end":{"line":25,"column":3}}},"2":{"name":"(anonymous_2)","decl":{"start":{"line":15,"column":18},"end":{"line":15,"column":19}},"loc":{"start":{"line":15,"column":34},"end":{"line":20,"column":5}}},"3":{"name":"(anonymous_3)","decl":{"start":{"line":27,"column":27},"end":{"line":27,"column":28}},"loc":{"start":{"line":27,"column":45},"end":{"line":31,"column":3}}},"4":{"name":"(anonymous_4)","decl":{"start":{"line":28,"column":48},"end":{"line":28,"column":57}},"loc":{"start":{"line":28,"column":70},"end":{"line":30,"column":5}}}},"branchMap":{"0":{"loc":{"start":{"line":17,"column":6},"end":{"line":19,"column":null}},"type":"if","locations":[{"start":{"line":17,"column":6},"end":{"line":19,"column":null}},{"start":{"line":17,"column":6},"end":{"line":19,"column":null}}]},"1":{"loc":{"start":{"line":2,"column":17},"end":{"line":2,"column":19}},"type":"binary-expr","locations":[{"start":{"line":2,"column":17},"end":{"line":2,"column":19}},{"start":{"line":2,"column":17},"end":{"line":2,"column":null}}]}},"s":{"0":11,"1":11,"2":50,"3":50,"4":50,"5":50,"6":50,"7":50,"8":50,"9":50,"10":11,"11":106,"12":16},"f":{"0":11,"1":50,"2":50,"3":106,"4":16},"b":{"0":[50,0],"1":[11,11]}}
}
