TN:
SF:packages/web-components/src/index.ts
FNF:0
FNH:0
DA:1,0
DA:2,0
DA:5,0
DA:6,0
LF:4
LH:0
BRF:0
BRH:0
end_of_record
TN:
SF:packages/web-components/src/button/button.component.ts
FN:13,(anonymous_2)
FN:21,(anonymous_3)
FN:25,(anonymous_4)
FNF:3
FNH:3
FNDA:6,(anonymous_2)
FNDA:6,(anonymous_3)
FNDA:6,(anonymous_4)
DA:1,1
DA:13,1
DA:14,6
DA:15,6
DA:16,6
DA:17,6
DA:18,6
DA:19,6
DA:22,6
DA:26,6
DA:29,6
DA:30,2
DA:33,6
DA:34,3
DA:37,6
LF:15
LH:15
BRDA:26,0,0,2
BRDA:26,0,1,4
BRDA:27,1,0,1
BRDA:27,1,1,3
BRDA:29,2,0,2
BRDA:29,2,1,4
BRDA:33,3,0,3
BRDA:33,3,1,3
BRDA:34,4,0,1
BRDA:34,4,1,2
BRF:10
BRH:10
end_of_record
TN:
SF:packages/web-components/src/collapse/collapse.component.ts
FN:11,(anonymous_3)
FNF:1
FNH:0
FNDA:0,(anonymous_3)
DA:1,0
DA:2,0
DA:3,0
DA:11,0
DA:12,0
DA:13,0
LF:6
LH:0
BRF:0
BRH:0
end_of_record
TN:
SF:packages/web-core/src/core/base-component.ts
FN:48,(anonymous_0)
FN:61,(anonymous_1)
FN:68,(anonymous_2)
FN:75,(anonymous_3)
FN:82,(anonymous_4)
FN:89,(anonymous_5)
FN:96,(anonymous_6)
FN:98,(anonymous_7)
FN:100,(anonymous_8)
FN:104,(anonymous_9)
FN:109,(anonymous_10)
FN:111,(anonymous_11)
FN:118,(anonymous_12)
FN:123,(anonymous_13)
FN:130,(anonymous_14)
FN:147,(anonymous_15)
FN:164,(anonymous_16)
FN:169,(anonymous_17)
FN:177,(anonymous_18)
FN:193,(anonymous_19)
FN:209,(anonymous_20)
FN:216,(anonymous_21)
FN:261,(anonymous_22)
FN:262,(anonymous_23)
FN:277,(anonymous_24)
FN:278,(anonymous_25)
FNF:26
FNH:24
FNDA:122,(anonymous_0)
FNDA:258,(anonymous_1)
FNDA:1,(anonymous_2)
FNDA:1,(anonymous_3)
FNDA:1,(anonymous_4)
FNDA:136,(anonymous_5)
FNDA:122,(anonymous_6)
FNDA:122,(anonymous_7)
FNDA:121,(anonymous_8)
FNDA:111,(anonymous_9)
FNDA:105,(anonymous_10)
FNDA:105,(anonymous_11)
FNDA:79,(anonymous_12)
FNDA:79,(anonymous_13)
FNDA:121,(anonymous_14)
FNDA:105,(anonymous_15)
FNDA:0,(anonymous_16)
FNDA:0,(anonymous_17)
FNDA:193,(anonymous_18)
FNDA:79,(anonymous_19)
FNDA:15,(anonymous_20)
FNDA:121,(anonymous_21)
FNDA:121,(anonymous_22)
FNDA:751,(anonymous_23)
FNDA:121,(anonymous_24)
FNDA:145,(anonymous_25)
DA:1,11
DA:2,11
DA:3,11
DA:4,11
DA:33,11
DA:35,122
DA:37,122
DA:38,122
DA:39,122
DA:49,122
DA:50,122
DA:51,122
DA:52,4
DA:54,122
DA:55,122
DA:62,258
DA:69,1
DA:76,1
DA:83,1
DA:90,136
DA:131,121
DA:133,121
DA:135,121
DA:136,121
DA:138,121
DA:140,121
DA:148,105
DA:151,105
DA:178,193
DA:179,108
DA:181,193
DA:194,79
DA:196,79
DA:197,79
DA:200,79
DA:210,15
DA:217,121
DA:218,29
DA:219,31
DA:220,31
DA:221,25
DA:224,31
DA:225,31
DA:262,121
DA:263,751
DA:264,145
DA:266,145
DA:267,145
DA:278,121
DA:279,145
DA:280,145
DA:281,19
DA:282,19
LF:53
LH:53
BRDA:51,0,0,4
BRDA:51,0,1,118
BRDA:90,1,0,4
BRDA:90,1,1,132
BRDA:90,2,0,136
BRDA:90,2,1,4
BRDA:178,3,0,108
BRDA:178,3,1,85
BRDA:196,4,0,79
BRDA:196,4,1,0
BRDA:217,5,0,29
BRDA:217,5,1,92
BRDA:217,6,0,121
BRDA:217,6,1,29
BRDA:220,7,0,25
BRDA:220,7,1,6
BRDA:220,8,0,31
BRDA:220,8,1,31
BRDA:263,9,0,145
BRDA:263,9,1,606
BRDA:263,10,0,751
BRDA:263,10,1,629
BRDA:266,11,0,145
BRDA:266,11,1,0
BRDA:266,12,0,145
BRDA:266,12,1,145
BRDA:280,13,0,19
BRDA:280,13,1,126
BRDA:283,14,0,14
BRDA:283,14,1,5
BRF:30
BRH:28
end_of_record
TN:
SF:packages/web-core/src/core/decorators.ts
FN:18,(anonymous_0)
FN:26,(anonymous_1)
FN:27,(anonymous_2)
FN:31,(anonymous_3)
FN:35,(anonymous_4)
FN:39,(anonymous_5)
FN:54,(anonymous_6)
FN:55,(anonymous_7)
FN:58,(anonymous_8)
FN:62,(anonymous_9)
FN:68,(anonymous_10)
FNF:11
FNH:11
FNDA:114,(anonymous_0)
FNDA:114,(anonymous_1)
FNDA:139,(anonymous_2)
FNDA:244,(anonymous_3)
FNDA:298,(anonymous_4)
FNDA:258,(anonymous_5)
FNDA:115,(anonymous_6)
FNDA:115,(anonymous_7)
FNDA:767,(anonymous_8)
FNDA:193,(anonymous_9)
FNDA:1,(anonymous_10)
DA:1,11
DA:18,11
DA:26,114
DA:27,114
DA:28,139
DA:31,114
DA:32,244
DA:35,114
DA:36,298
DA:39,114
DA:40,258
DA:54,11
DA:55,115
DA:56,115
DA:57,115
DA:59,767
DA:60,767
DA:63,193
DA:64,193
DA:65,193
DA:66,193
DA:67,193
DA:68,193
DA:69,1
DA:72,193
DA:79,115
DA:84,11
DA:85,11
LF:28
LH:28
BRDA:63,0,0,4
BRDA:63,0,1,189
BRDA:64,1,0,193
BRDA:64,1,1,0
BRDA:64,2,0,193
BRDA:64,2,1,0
BRDA:64,2,2,0
BRDA:67,3,0,193
BRDA:67,3,1,0
BRF:9
BRH:5
end_of_record
TN:
SF:packages/web-core/src/core/emit.ts
FN:4,(anonymous_0)
FN:23,(anonymous_1)
FN:36,(anonymous_2)
FN:37,(anonymous_3)
FNF:4
FNH:4
FNDA:11,(anonymous_0)
FNDA:49,(anonymous_1)
FNDA:15,(anonymous_2)
FNDA:199,(anonymous_3)
DA:2,11
DA:4,11
DA:13,11
DA:23,11
DA:24,49
DA:25,49
DA:36,11
DA:37,15
DA:38,199
DA:43,12
DA:44,12
LF:11
LH:11
BRDA:24,0,0,49
BRDA:24,0,1,0
BRDA:24,1,0,49
BRDA:24,1,1,49
BRDA:24,1,2,49
BRDA:38,2,0,12
BRDA:38,2,1,187
BRDA:39,3,0,199
BRDA:39,3,1,17
BRDA:39,3,2,11
BRDA:39,3,3,12
BRDA:4,4,0,11
BRDA:4,4,1,11
BRF:13
BRH:12
end_of_record
TN:
SF:packages/web-core/src/core/engine.ts
FN:23,(anonymous_0)
FN:36,(anonymous_1)
FN:52,(anonymous_2)
FN:117,(anonymous_3)
FN:119,(anonymous_4)
FN:136,(anonymous_5)
FN:138,(anonymous_6)
FN:148,(anonymous_7)
FN:155,(anonymous_8)
FN:179,(anonymous_9)
FN:181,(anonymous_10)
FN:196,(anonymous_11)
FN:198,(anonymous_12)
FN:209,(anonymous_13)
FN:250,(anonymous_14)
FN:282,(anonymous_15)
FN:283,(anonymous_16)
FN:315,(anonymous_17)
FN:316,(anonymous_18)
FN:337,(anonymous_19)
FN:338,(anonymous_20)
FN:350,(anonymous_21)
FN:366,(anonymous_22)
FN:388,(anonymous_23)
FN:403,(anonymous_24)
FN:447,(anonymous_25)
FN:474,(anonymous_26)
FN:481,(anonymous_27)
FN:486,(anonymous_28)
FN:514,(anonymous_29)
FNF:30
FNH:30
FNDA:121,(anonymous_0)
FNDA:79,(anonymous_1)
FNDA:510,(anonymous_2)
FNDA:431,(anonymous_3)
FNDA:281,(anonymous_4)
FNDA:598,(anonymous_5)
FNDA:365,(anonymous_6)
FNDA:65,(anonymous_7)
FNDA:159,(anonymous_8)
FNDA:200,(anonymous_9)
FNDA:65,(anonymous_10)
FNDA:200,(anonymous_11)
FNDA:267,(anonymous_12)
FNDA:546,(anonymous_13)
FNDA:306,(anonymous_14)
FNDA:954,(anonymous_15)
FNDA:721,(anonymous_16)
FNDA:425,(anonymous_17)
FNDA:327,(anonymous_18)
FNDA:954,(anonymous_19)
FNDA:685,(anonymous_20)
FNDA:56,(anonymous_21)
FNDA:34,(anonymous_22)
FNDA:9,(anonymous_23)
FNDA:59,(anonymous_24)
FNDA:224,(anonymous_25)
FNDA:204,(anonymous_26)
FNDA:748,(anonymous_27)
FNDA:265,(anonymous_28)
FNDA:176,(anonymous_29)
DA:1,11
DA:2,11
DA:5,11
DA:11,11
DA:13,11
DA:23,121
DA:24,121
DA:25,121
DA:26,121
DA:28,121
DA:30,121
DA:37,79
DA:38,79
DA:39,79
DA:41,79
DA:43,79
DA:54,510
DA:56,510
DA:57,510
DA:58,1376
DA:59,1376
DA:60,73
DA:63,1303
DA:64,1303
DA:65,5
DA:66,5
DA:67,5
DA:68,1298
DA:69,13
DA:70,13
DA:71,13
DA:72,13
DA:74,1285
DA:75,473
DA:77,17
DA:78,17
DA:79,17
DA:80,456
DA:82,19
DA:83,19
DA:87,1303
DA:88,431
DA:89,431
DA:90,872
DA:91,854
DA:92,854
DA:93,854
DA:94,854
DA:95,267
DA:96,55
DA:100,18
DA:101,18
DA:102,9
DA:103,9
DA:107,1303
DA:118,431
DA:119,431
DA:120,281
DA:121,281
DA:122,16
DA:137,598
DA:138,598
DA:149,65
DA:150,65
DA:151,65
DA:152,65
DA:153,65
DA:154,65
DA:155,65
DA:156,159
DA:157,159
DA:158,39
DA:159,39
DA:162,65
DA:163,65
DA:164,20
DA:169,45
DA:180,200
DA:181,200
DA:182,65
DA:183,65
DA:185,200
DA:197,200
DA:198,267
DA:199,200
DA:200,200
DA:211,546
DA:212,1220
DA:213,1220
DA:215,1220
DA:216,795
DA:219,1220
DA:220,1220
DA:221,425
DA:222,425
DA:223,14
DA:224,411
DA:225,4
DA:226,407
DA:227,20
DA:230,425
DA:231,425
DA:232,425
DA:234,795
DA:235,198
DA:238,1220
DA:239,425
DA:252,306
DA:253,306
DA:254,1200
DA:256,1200
DA:257,529
DA:258,529
DA:259,20
DA:260,509
DA:261,5
DA:262,504
DA:263,39
DA:265,529
DA:266,529
DA:270,1200
DA:271,227
DA:283,954
DA:284,721
DA:285,61
DA:286,61
DA:289,61
DA:290,61
DA:291,36
DA:292,36
DA:293,36
DA:296,61
DA:297,61
DA:298,54
DA:299,54
DA:301,7
DA:302,7
DA:305,61
DA:316,425
DA:317,327
DA:318,55
DA:319,55
DA:320,21
DA:321,21
DA:322,20
DA:323,20
DA:325,21
DA:338,954
DA:339,685
DA:340,49
DA:341,49
DA:343,49
DA:344,49
DA:347,49
DA:350,56
DA:354,685
DA:355,145
DA:367,34
DA:368,34
DA:369,34
DA:370,34
DA:371,34
DA:372,34
DA:373,15
DA:374,15
DA:376,34
DA:389,9
DA:390,9
DA:391,9
DA:392,5
DA:393,5
DA:404,59
DA:405,59
DA:406,59
DA:407,59
DA:408,59
DA:409,59
DA:410,59
DA:411,59
DA:412,57
DA:413,7
DA:414,7
DA:417,50
DA:418,50
DA:419,50
DA:420,204
DA:421,204
DA:422,6
DA:424,204
DA:425,50
DA:426,50
DA:429,154
DA:430,154
DA:431,154
DA:432,154
DA:435,2
DA:448,224
DA:449,634
DA:450,634
DA:451,634
DA:452,429
DA:455,634
DA:456,185
DA:457,449
DA:458,19
DA:461,634
DA:462,20
DA:475,204
DA:476,204
DA:477,204
DA:481,204
DA:482,748
DA:483,748
DA:484,331
DA:485,331
DA:486,123
DA:487,265
DA:488,130
DA:491,123
DA:493,208
DA:494,146
DA:496,62
DA:499,331
DA:500,331
DA:504,204
DA:515,176
LF:226
LH:226
BRDA:59,0,0,73
BRDA:59,0,1,1303
BRDA:64,1,0,5
BRDA:64,1,1,1298
BRDA:68,2,0,13
BRDA:68,2,1,1285
BRDA:68,3,0,1298
BRDA:68,3,1,22
BRDA:69,4,0,13
BRDA:69,4,1,0
BRDA:74,5,0,473
BRDA:74,5,1,812
BRDA:74,6,0,1285
BRDA:74,6,1,1267
BRDA:75,7,0,17
BRDA:75,7,1,456
BRDA:75,8,0,473
BRDA:75,8,1,311
BRDA:80,9,0,19
BRDA:80,9,1,437
BRDA:80,10,0,456
BRDA:80,10,1,162
BRDA:87,11,0,431
BRDA:87,11,1,872
BRDA:90,12,0,854
BRDA:90,12,1,18
BRDA:92,13,0,854
BRDA:92,13,1,0
BRDA:94,14,0,267
BRDA:94,14,1,587
BRDA:95,15,0,55
BRDA:95,15,1,212
BRDA:95,16,0,267
BRDA:95,16,1,267
BRDA:100,17,0,18
BRDA:100,17,1,0
BRDA:101,18,0,9
BRDA:101,18,1,9
BRDA:101,19,0,18
BRDA:101,19,1,18
BRDA:101,19,2,18
BRDA:118,20,0,431
BRDA:118,20,1,0
BRDA:121,21,0,16
BRDA:121,21,1,265
BRDA:122,22,0,16
BRDA:122,22,1,0
BRDA:154,23,0,65
BRDA:154,23,1,0
BRDA:157,24,0,39
BRDA:157,24,1,120
BRDA:183,25,0,20
BRDA:183,25,1,45
BRDA:215,26,0,795
BRDA:215,26,1,425
BRDA:220,27,0,425
BRDA:220,27,1,795
BRDA:221,28,0,425
BRDA:221,28,1,0
BRDA:221,29,0,425
BRDA:221,29,1,425
BRDA:222,30,0,14
BRDA:222,30,1,411
BRDA:224,31,0,4
BRDA:224,31,1,407
BRDA:226,32,0,20
BRDA:226,32,1,387
BRDA:234,33,0,198
BRDA:234,33,1,597
BRDA:234,34,0,795
BRDA:234,34,1,788
BRDA:238,35,0,425
BRDA:238,35,1,795
BRDA:256,36,0,529
BRDA:256,36,1,671
BRDA:257,37,0,529
BRDA:257,37,1,0
BRDA:257,38,0,529
BRDA:257,38,1,529
BRDA:258,39,0,20
BRDA:258,39,1,509
BRDA:260,40,0,5
BRDA:260,40,1,504
BRDA:262,41,0,39
BRDA:262,41,1,465
BRDA:270,42,0,227
BRDA:270,42,1,973
BRDA:270,43,0,1200
BRDA:270,43,1,529
BRDA:284,44,0,61
BRDA:284,44,1,660
BRDA:286,45,0,0
BRDA:286,45,1,61
BRDA:290,46,0,36
BRDA:290,46,1,25
BRDA:292,47,0,36
BRDA:292,47,1,0
BRDA:297,48,0,54
BRDA:297,48,1,7
BRDA:297,49,0,61
BRDA:297,49,1,61
BRDA:317,50,0,55
BRDA:317,50,1,272
BRDA:319,51,0,21
BRDA:319,51,1,34
BRDA:319,52,0,55
BRDA:319,52,1,34
BRDA:319,52,2,24
BRDA:321,53,0,20
BRDA:321,53,1,1
BRDA:339,54,0,49
BRDA:339,54,1,636
BRDA:339,55,0,685
BRDA:339,55,1,145
BRDA:344,56,0,49
BRDA:344,56,1,0
BRDA:354,57,0,145
BRDA:354,57,1,540
BRDA:367,58,0,34
BRDA:367,58,1,0
BRDA:367,59,0,34
BRDA:367,59,1,34
BRDA:370,60,0,34
BRDA:370,60,1,0
BRDA:371,61,0,8
BRDA:371,61,1,26
BRDA:372,62,0,15
BRDA:372,62,1,19
BRDA:389,63,0,9
BRDA:389,63,1,0
BRDA:389,64,0,9
BRDA:389,64,1,9
BRDA:391,65,0,5
BRDA:391,65,1,4
BRDA:407,66,0,59
BRDA:407,66,1,0
BRDA:411,67,0,57
BRDA:411,67,1,2
BRDA:412,68,0,7
BRDA:412,68,1,50
BRDA:412,69,0,57
BRDA:412,69,1,51
BRDA:418,70,0,48
BRDA:418,70,1,2
BRDA:421,71,0,6
BRDA:421,71,1,198
BRDA:424,72,0,50
BRDA:424,72,1,154
BRDA:451,73,0,429
BRDA:451,73,1,205
BRDA:455,74,0,185
BRDA:455,74,1,449
BRDA:455,75,0,634
BRDA:455,75,1,205
BRDA:457,76,0,19
BRDA:457,76,1,430
BRDA:457,77,0,449
BRDA:457,77,1,429
BRDA:461,78,0,20
BRDA:461,78,1,614
BRDA:461,79,0,634
BRDA:461,79,1,205
BRDA:476,80,0,204
BRDA:476,80,1,0
BRDA:483,81,0,331
BRDA:483,81,1,417
BRDA:485,82,0,123
BRDA:485,82,1,208
BRDA:487,83,0,130
BRDA:487,83,1,135
BRDA:491,84,0,123
BRDA:491,84,1,0
BRDA:493,85,0,146
BRDA:493,85,1,62
BRDA:494,86,0,113
BRDA:494,86,1,33
BRDA:499,87,0,331
BRDA:499,87,1,0
BRF:178
BRH:160
end_of_record
TN:
SF:packages/web-core/src/core/index.ts
FN:10,(anonymous_0)
FN:9,(anonymous_1)
FN:12,(anonymous_2)
FN:13,(anonymous_3)
FN:14,(anonymous_4)
FN:15,(anonymous_5)
FNF:6
FNH:4
FNDA:114,(anonymous_0)
FNDA:115,(anonymous_1)
FNDA:114,(anonymous_2)
FNDA:0,(anonymous_3)
FNDA:0,(anonymous_4)
FNDA:50,(anonymous_5)
DA:1,11
DA:2,11
DA:4,11
DA:5,11
DA:6,11
DA:9,126
DA:10,125
DA:12,125
DA:13,11
DA:14,11
DA:15,61
LF:11
LH:11
BRF:0
BRH:0
end_of_record
TN:
SF:packages/web-core/src/core/input.ts
FN:4,(anonymous_0)
FN:16,(anonymous_1)
FN:28,(anonymous_2)
FN:48,(anonymous_3)
FN:49,(anonymous_4)
FN:59,(anonymous_5)
FN:60,(anonymous_6)
FNF:7
FNH:6
FNDA:11,(anonymous_0)
FNDA:0,(anonymous_1)
FNDA:20,(anonymous_2)
FNDA:145,(anonymous_3)
FNDA:319,(anonymous_4)
FNDA:193,(anonymous_5)
FNDA:491,(anonymous_6)
DA:2,11
DA:4,11
DA:14,11
DA:16,11
DA:17,0
DA:28,11
DA:29,20
DA:30,20
DA:48,11
DA:49,319
DA:59,11
DA:60,491
LF:12
LH:11
BRDA:29,0,0,20
BRDA:29,0,1,0
BRDA:29,1,0,20
BRDA:29,1,1,20
BRDA:29,1,2,20
BRDA:34,2,0,14
BRDA:34,2,1,6
BRDA:35,3,0,14
BRDA:35,3,1,6
BRDA:49,4,0,319
BRDA:49,4,1,51
BRDA:4,5,0,11
BRDA:4,5,1,11
BRF:13
BRH:12
end_of_record
TN:
SF:packages/web-core/src/core/wf.ts
FN:2,(anonymous_0)
FN:10,(anonymous_1)
FN:15,(anonymous_2)
FN:27,(anonymous_3)
FN:28,(anonymous_4)
FNF:5
FNH:5
FNDA:11,(anonymous_0)
FNDA:50,(anonymous_1)
FNDA:50,(anonymous_2)
FNDA:106,(anonymous_3)
FNDA:16,(anonymous_4)
DA:2,11
DA:10,11
DA:11,50
DA:12,50
DA:13,50
DA:15,50
DA:16,50
DA:17,50
DA:18,50
DA:22,50
DA:27,11
DA:28,106
DA:29,16
LF:13
LH:13
BRDA:17,0,0,50
BRDA:17,0,1,0
BRDA:2,1,0,11
BRDA:2,1,1,11
BRF:4
BRH:3
end_of_record
